"../../../Engine/Content/EngineMeshes/Humanoid.uasset" 0
"../../../../../../Users/skill/Documents/Unreal Projects/ProjectPG/Content/MilitaryCharSilver/UE4_Mannequin_Skeleton.uasset" 1
"../../../../../../Users/skill/Documents/Unreal Projects/ProjectPG/Content/AnimStarterPack/Animations/Aim_Space_Hip.uasset" 2
"../../../../../../Users/skill/Documents/Unreal Projects/ProjectPG/Content/AnimStarterPack/Animations/Aim_Space_Ironsights.uasset" 3
"../../../../../../Users/skill/Documents/Unreal Projects/ProjectPG/Content/AnimStarterPack/Animations/Crouch_to_Stand_Rifle_Hip.uasset" 4
"../../../../../../Users/skill/Documents/Unreal Projects/ProjectPG/Content/AnimStarterPack/Animations/Crouch_to_Stand_Rifle_Ironsights.uasset" 5
"../../../../../../Users/skill/Documents/Unreal Projects/ProjectPG/Content/AnimStarterPack/Animations/Death_Ironsights_1.uasset" 6
"../../../../../../Users/skill/Documents/Unreal Projects/ProjectPG/Content/AnimStarterPack/Animations/Death_Ironsights_2.uasset" 7
"../../../../../../Users/skill/Documents/Unreal Projects/ProjectPG/Content/AnimStarterPack/Animations/Equip_Pistol_Standing.uasset" 8
"../../../../../../Users/skill/Documents/Unreal Projects/ProjectPG/Content/AnimStarterPack/Animations/Equip_Rifle_Standing.uasset" 9
"../../../../../../Users/skill/Documents/Unreal Projects/ProjectPG/Content/AnimStarterPack/Animations/Fire_Shotgun_Hip.uasset" 10
"../../../../../../Users/skill/Documents/Unreal Projects/ProjectPG/Content/AnimStarterPack/Animations/Fire_Shotgun_Ironsights.uasset" 11
"../../../../../../Users/skill/Documents/Unreal Projects/ProjectPG/Content/AnimStarterPack/Animations/Idle_Pistol.uasset" 12
"../../../../../../Users/skill/Documents/Unreal Projects/ProjectPG/Content/AnimStarterPack/Animations/Idle_Rifle_Hip_Break1.uasset" 13
"../../../../../../Users/skill/Documents/Unreal Projects/ProjectPG/Content/AnimStarterPack/Animations/Idle_Rifle_Hip_Break2.uasset" 14
"../../../../../../Users/skill/Documents/Unreal Projects/ProjectPG/Content/AnimStarterPack/Animations/Jump_From_Jog.uasset" 15
"../../../../../../Users/skill/Documents/Unreal Projects/ProjectPG/Content/AnimStarterPack/Animations/Jump_From_Stand.uasset" 16
"../../../../../../Users/skill/Documents/Unreal Projects/ProjectPG/Content/AnimStarterPack/Animations/Jump_From_Stand_Ironsights.uasset" 17
"../../../../../../Users/skill/Documents/Unreal Projects/ProjectPG/Content/AnimStarterPack/Animations/Prone_Death_1.uasset" 18
"../../../../../../Users/skill/Documents/Unreal Projects/ProjectPG/Content/AnimStarterPack/Animations/Prone_Death_2.uasset" 19
"../../../../../../Users/skill/Documents/Unreal Projects/ProjectPG/Content/AnimStarterPack/Animations/Prone_Fire_1.uasset" 20
"../../../../../../Users/skill/Documents/Unreal Projects/ProjectPG/Content/AnimStarterPack/Animations/Prone_Fire_2.uasset" 21
"../../../../../../Users/skill/Documents/Unreal Projects/ProjectPG/Content/AnimStarterPack/Animations/Prone_Idle.uasset" 22
"../../../../../../Users/skill/Documents/Unreal Projects/ProjectPG/Content/AnimStarterPack/Animations/Prone_Reload_Rifle.uasset" 23
"../../../../../../Users/skill/Documents/Unreal Projects/ProjectPG/Content/AnimStarterPack/Animations/Prone_Reload_Shotgun.uasset" 24
"../../../../../../Users/skill/Documents/Unreal Projects/ProjectPG/Content/AnimStarterPack/Animations/Prone_To_Stand.uasset" 25
"../../../../../../Users/skill/Documents/Unreal Projects/ProjectPG/Content/AnimStarterPack/Animations/Reload_Pistol.uasset" 26
"../../../../../../Users/skill/Documents/Unreal Projects/ProjectPG/Content/AnimStarterPack/Animations/Reload_Rifle_Ironsights.uasset" 27
"../../../../../../Users/skill/Documents/Unreal Projects/ProjectPG/Content/AnimStarterPack/Animations/Reload_Shotgun_Hip.uasset" 28
"../../../../../../Users/skill/Documents/Unreal Projects/ProjectPG/Content/AnimStarterPack/Animations/Reload_Shotgun_Ironsights.uasset" 29
"../../../../../../Users/skill/Documents/Unreal Projects/ProjectPG/Content/AnimStarterPack/Animations/Sprint_Fwd_Rifle.uasset" 30
"../../../../../../Users/skill/Documents/Unreal Projects/ProjectPG/Content/AnimStarterPack/Animations/Stand_to_Crouch_Rifle_Hip.uasset" 31
"../../../../../../Users/skill/Documents/Unreal Projects/ProjectPG/Content/AnimStarterPack/Animations/Stand_to_Crouch_Rifle_Ironsights.uasset" 32
"../../../../../../Users/skill/Documents/Unreal Projects/ProjectPG/Content/AnimStarterPack/Animations/Stand_To_Prone.uasset" 33
"../../../../../../Users/skill/Documents/Unreal Projects/ProjectPG/Content/Blueprints/Basic/NewPhysicalMaterial.uasset" 34
"../../../../../../Users/skill/Documents/Unreal Projects/ProjectPG/Content/Effects/Textures/Ramp/T_FX_CameraDistort.uasset" 35
"../../../../../../Users/skill/Documents/Unreal Projects/ProjectPG/Content/Effects/Textures/Ramp/T_FX_ColorDistort.uasset" 36
"../../../../../../Users/skill/Documents/Unreal Projects/ProjectPG/Content/Effects/Textures/Water/T_Caustics_2.uasset" 37
"../../../../../../Users/skill/Documents/Unreal Projects/ProjectPG/Content/Effects/Materials/Weapon/M_WP_Linkgun_Connection.uasset" 38
"../../../../../../Users/skill/Documents/Unreal Projects/ProjectPG/Content/Effects/Textures/Energy/T_EFX_Beam_Electricity_02.uasset" 39
"../../../../../../Users/skill/Documents/Unreal Projects/ProjectPG/Content/Effects/Materials/Weapon/M_WP_ShockRifle_Panning_Beam.uasset" 40
"../../../../../../Users/skill/Documents/Unreal Projects/ProjectPG/Content/Effects/P_Trail.uasset" 41
"../../../../../../Users/skill/Documents/Unreal Projects/ProjectPG/Content/Effects/Textures/T_FlipbookBird_01_Lit_D.uasset" 42
"../../../../../../Users/skill/Documents/Unreal Projects/ProjectPG/Content/Effects/Materials/M_BirdsDistant.uasset" 43
"../../../Engine/Content/Functions/Engine_MaterialFunctions01/Vectors/MF_RotateVector_90.uasset" 44
"../../../../../../Users/skill/Documents/Unreal Projects/ProjectPG/Content/Effects/Textures/T_Bird_D.uasset" 45
"../../../../../../Users/skill/Documents/Unreal Projects/ProjectPG/Content/Effects/Textures/T_Bird_N.uasset" 46
"../../../../../../Users/skill/Documents/Unreal Projects/ProjectPG/Content/Effects/Materials/M_Bird.uasset" 47
"../../../../../../Users/skill/Documents/Unreal Projects/ProjectPG/Content/Effects/Materials/M_Bird_Inst.uasset" 48
"../../../../../../Users/skill/Documents/Unreal Projects/ProjectPG/Content/Effects/Materials/M_Bird_Particle_Inst.uasset" 49
"../../../../../../Users/skill/Documents/Unreal Projects/ProjectPG/Content/Effects/Textures/T_Burst_M.uasset" 50
"../../../../../../Users/skill/Documents/Unreal Projects/ProjectPG/Content/Effects/Materials/M_Burst.uasset" 51
"../../../../../../Users/skill/Documents/Unreal Projects/ProjectPG/Content/Effects/Textures/T_explo_SubUV.uasset" 52
"../../../../../../Users/skill/Documents/Unreal Projects/ProjectPG/Content/Effects/Materials/M_explosion_subUV.uasset" 53
"../../../../../../Users/skill/Documents/Unreal Projects/ProjectPG/Content/Effects/Materials/m_flare_01.uasset" 54
"../../../Engine/Content/Functions/Engine_MaterialFunctions01/Gradient/RadialGradient.uasset" 55
"../../../../../../Users/skill/Documents/Unreal Projects/ProjectPG/Content/Effects/Materials/M_radial_ramp.uasset" 56
"../../../../../../Users/skill/Documents/Unreal Projects/ProjectPG/Content/Effects/Textures/T_Smoke_Tiled_D.uasset" 57
"../../../../../../Users/skill/Documents/Unreal Projects/ProjectPG/Content/Effects/Textures/T_SmokeSubUV_8X8.uasset" 58
"../../../../../../Users/skill/Documents/Unreal Projects/ProjectPG/Content/Effects/Materials/M_smoke_subUV.uasset" 59
"../../../../../../Users/skill/Documents/Unreal Projects/ProjectPG/Content/Effects/Textures/T_Spark_Core.uasset" 60
"../../../../../../Users/skill/Documents/Unreal Projects/ProjectPG/Content/Effects/Materials/M_Spark_Basic.uasset" 61
"../../../../../../Users/skill/Documents/Unreal Projects/ProjectPG/Content/Effects/Textures/Noise/T_TilingNoise03.uasset" 62
"../../../../../../Users/skill/Documents/Unreal Projects/ProjectPG/Content/Effects/Textures/Smoke/T_SmokeSubUV_8X8_02.uasset" 63
"../../../../../../Users/skill/Documents/Unreal Projects/ProjectPG/Content/Effects/Textures/Smoke/T_TilingClouds_01.uasset" 64
"../../../../../../Users/skill/Documents/Unreal Projects/ProjectPG/Content/Effects/Materials/Snow/M_Snow_Blowing_Lit.uasset" 65
"../../../../../../Users/skill/Documents/Unreal Projects/ProjectPG/Content/Effects/Textures/Water/T_Distortion_01.uasset" 66
"../../../../../../Users/skill/Documents/Unreal Projects/ProjectPG/Content/Effects/Textures/Weapon/T_bullet_hole_2.uasset" 67
"../../../../../../Users/skill/Documents/Unreal Projects/ProjectPG/Content/Effects/Materials/Weapon/M_Impact_Decal.uasset" 68
"../../../../../../Users/skill/Documents/Unreal Projects/ProjectPG/Content/Effects/Meshes/SM_Bird.uasset" 69
"../../../../../../Users/skill/Documents/Unreal Projects/ProjectPG/Content/Effects/Textures/T_Explosion_SubUV.uasset" 70
"../../../../../../Users/skill/Documents/Unreal Projects/ProjectPG/Content/Effects/Textures/T_Smoke_SubUV.uasset" 71
"../../../../../../Users/skill/Documents/Unreal Projects/ProjectPG/Content/FPS_Weapon_Bundle/Weapons/Textures/KA74U/T_KA74U_ALB.uasset" 72
"../../../../../../Users/skill/Documents/Unreal Projects/ProjectPG/Content/FPS_Weapon_Bundle/Weapons/Textures/KA74U/T_KA74U_M_MSK.uasset" 73
"../../../../../../Users/skill/Documents/Unreal Projects/ProjectPG/Content/FPS_Weapon_Bundle/Weapons/Textures/KA74U/T_KA74U_NRM.uasset" 74
"../../../../../../Users/skill/Documents/Unreal Projects/ProjectPG/Content/FPS_Weapon_Bundle/Weapons/Textures/Patterns/T_Stripes__Pattern.uasset" 75
"../../../../../../Users/skill/Documents/Unreal Projects/ProjectPG/Content/FPS_Weapon_Bundle/Weapons/Materials/Master_Material/M_Weapon_Master_USE.uasset" 76
"../../../../../../Users/skill/Documents/Unreal Projects/ProjectPG/Content/FPS_Weapon_Bundle/Weapons/Textures/Accessories/T_V_Grip_ALB.uasset" 77
"../../../../../../Users/skill/Documents/Unreal Projects/ProjectPG/Content/FPS_Weapon_Bundle/Weapons/Textures/Accessories/T_V_Grip_M_MSK.uasset" 78
"../../../../../../Users/skill/Documents/Unreal Projects/ProjectPG/Content/FPS_Weapon_Bundle/Weapons/Textures/Accessories/T_V_Grip_NRM.uasset" 79
"../../../../../../Users/skill/Documents/Unreal Projects/ProjectPG/Content/FPS_Weapon_Bundle/Weapons/Materials/Accessories/M_V_Grip.uasset" 80
"../../../../../../Users/skill/Documents/Unreal Projects/ProjectPG/Content/FPS_Weapon_Bundle/Weapons/Materials/Accessories/M_V_Grip_Green.uasset" 81
"../../../../../../Users/skill/Documents/Unreal Projects/ProjectPG/Content/FPS_Weapon_Bundle/Weapons/Textures/AR4/T_AR4_ALB.uasset" 82
"../../../../../../Users/skill/Documents/Unreal Projects/ProjectPG/Content/FPS_Weapon_Bundle/Weapons/Textures/AR4/T_AR4_M_MSK.uasset" 83
"../../../../../../Users/skill/Documents/Unreal Projects/ProjectPG/Content/FPS_Weapon_Bundle/Weapons/Textures/AR4/T_AR4_NRM.uasset" 84
"../../../../../../Users/skill/Documents/Unreal Projects/ProjectPG/Content/FPS_Weapon_Bundle/Weapons/Textures/Patterns/T_Desert_Marpat_Pattern.uasset" 85
"../../../../../../Users/skill/Documents/Unreal Projects/ProjectPG/Content/FPS_Weapon_Bundle/Weapons/Materials/AR4/M_AR4_Pattern.uasset" 86
"../../../../../../Users/skill/Documents/Unreal Projects/ProjectPG/Content/FPS_Weapon_Bundle/Weapons/Textures/KA47/T_KA47_Gold_ALB.uasset" 87
"../../../../../../Users/skill/Documents/Unreal Projects/ProjectPG/Content/FPS_Weapon_Bundle/Weapons/Textures/KA47/T_KA47_Gold_M_MSK.uasset" 88
"../../../../../../Users/skill/Documents/Unreal Projects/ProjectPG/Content/FPS_Weapon_Bundle/Weapons/Textures/KA47/T_KA47_NRM.uasset" 89
"../../../../../../Users/skill/Documents/Unreal Projects/ProjectPG/Content/FPS_Weapon_Bundle/Weapons/Materials/Ka47/M_KA47_Gold.uasset" 90
"../../../../../../Users/skill/Documents/Unreal Projects/ProjectPG/Content/FPS_Weapon_Bundle/Weapons/Textures/KA47/T_KA47_ALB.uasset" 91
"../../../../../../Users/skill/Documents/Unreal Projects/ProjectPG/Content/FPS_Weapon_Bundle/Weapons/Textures/KA47/T_KA47_M_MSK.uasset" 92
"../../../../../../Users/skill/Documents/Unreal Projects/ProjectPG/Content/FPS_Weapon_Bundle/Weapons/Materials/Ka47/M_KA47.uasset" 93
"../../../../../../Users/skill/Documents/Unreal Projects/ProjectPG/Content/FPS_Weapon_Bundle/Weapons/Materials/Ka47/M_KA47_Pattern.uasset" 94
"../../../../../../Users/skill/Documents/Unreal Projects/ProjectPG/Content/FPS_Weapon_Bundle/Weapons/Materials/KA74U/M_KA74U.uasset" 95
"../../../../../../Users/skill/Documents/Unreal Projects/ProjectPG/Content/FPS_Weapon_Bundle/Weapons/Textures/KA74U/T_KA74U_Gold_ALB.uasset" 96
"../../../../../../Users/skill/Documents/Unreal Projects/ProjectPG/Content/FPS_Weapon_Bundle/Weapons/Textures/KA74U/T_KA74U_Gold_M_MSK.uasset" 97
"../../../../../../Users/skill/Documents/Unreal Projects/ProjectPG/Content/FPS_Weapon_Bundle/Weapons/Materials/KA74U/M_KA74U_Gold.uasset" 98
"../../../../../../Users/skill/Documents/Unreal Projects/ProjectPG/Content/FPS_Weapon_Bundle/Weapons/Textures/Patterns/T_LeafSpray_Pattern.uasset" 99
"../../../../../../Users/skill/Documents/Unreal Projects/ProjectPG/Content/FPS_Weapon_Bundle/Weapons/Materials/KA74U/M_KA74U_LeafSpray.uasset" 100
"../../../../../../Users/skill/Documents/Unreal Projects/ProjectPG/Content/FPS_Weapon_Bundle/Weapons/Textures/KA_Val/T_KA_Val_ALB.uasset" 101
"../../../../../../Users/skill/Documents/Unreal Projects/ProjectPG/Content/FPS_Weapon_Bundle/Weapons/Textures/KA_Val/T_KA_Val_M_MSK.uasset" 102
"../../../../../../Users/skill/Documents/Unreal Projects/ProjectPG/Content/FPS_Weapon_Bundle/Weapons/Textures/KA_Val/T_KA_Val_NRM.uasset" 103
"../../../../../../Users/skill/Documents/Unreal Projects/ProjectPG/Content/FPS_Weapon_Bundle/Weapons/Materials/KA_Val/M_KA_Val.uasset" 104
"../../../../../../Users/skill/Documents/Unreal Projects/ProjectPG/Content/FPS_Weapon_Bundle/Weapons/Textures/KA_Val/T_KA_Val_Black_ALB.uasset" 105
"../../../../../../Users/skill/Documents/Unreal Projects/ProjectPG/Content/FPS_Weapon_Bundle/Weapons/Materials/KA_Val/M_KA_Val_Black.uasset" 106
"../../../../../../Users/skill/Documents/Unreal Projects/ProjectPG/Content/FPS_Weapon_Bundle/Weapons/Textures/Patterns/T_Wood_Marpat_Pattern.uasset" 107
"../../../../../../Users/skill/Documents/Unreal Projects/ProjectPG/Content/FPS_Weapon_Bundle/Weapons/Materials/KA_Val/M_KA_Val_Black_Camo.uasset" 108
"../../../../../../Users/skill/Documents/Unreal Projects/ProjectPG/Content/FPS_Weapon_Bundle/Weapons/Materials/KA_Val/M_KA_Val_Black_Striped.uasset" 109
"../../../../../../Users/skill/Documents/Unreal Projects/ProjectPG/Content/FPS_Weapon_Bundle/Weapons/Textures/RDS/T_RDS_01.uasset" 110
"../../../../../../Users/skill/Documents/Unreal Projects/ProjectPG/Content/FPS_Weapon_Bundle/Weapons/Materials/Master_Material/M_RDS_Master.uasset" 111
"../../../../../../Users/skill/Documents/Unreal Projects/ProjectPG/Content/FPS_Weapon_Bundle/Weapons/Materials/RDS/M_RDS_01.uasset" 112
"../../../../../../Users/skill/Documents/Unreal Projects/ProjectPG/Content/FPS_Weapon_Bundle/Weapons/Textures/RDS/T_RDS_02.uasset" 113
"../../../../../../Users/skill/Documents/Unreal Projects/ProjectPG/Content/FPS_Weapon_Bundle/Weapons/Materials/RDS/M_RDS_02.uasset" 114
"../../../../../../Users/skill/Documents/Unreal Projects/ProjectPG/Content/FPS_Weapon_Bundle/Weapons/Textures/RDS/T_RDS_03.uasset" 115
"../../../../../../Users/skill/Documents/Unreal Projects/ProjectPG/Content/FPS_Weapon_Bundle/Weapons/Materials/RDS/M_RDS_03.uasset" 116
"../../../../../../Users/skill/Documents/Unreal Projects/ProjectPG/Content/FPS_Weapon_Bundle/Weapons/Textures/SMG11/T_SMG11_ALB.uasset" 117
"../../../../../../Users/skill/Documents/Unreal Projects/ProjectPG/Content/FPS_Weapon_Bundle/Weapons/Textures/SMG11/T_SMG11_M_MSK.uasset" 118
"../../../../../../Users/skill/Documents/Unreal Projects/ProjectPG/Content/FPS_Weapon_Bundle/Weapons/Textures/SMG11/T_SMG11_NRM.uasset" 119
"../../../../../../Users/skill/Documents/Unreal Projects/ProjectPG/Content/FPS_Weapon_Bundle/Weapons/Materials/SMG11/M_SMG11.uasset" 120
"../../../../../../Users/skill/Documents/Unreal Projects/ProjectPG/Content/FPS_Weapon_Bundle/Weapons/Textures/Patterns/T_Urban_Marpat_Pattern.uasset" 121
"../../../../../../Users/skill/Documents/Unreal Projects/ProjectPG/Content/FPS_Weapon_Bundle/Weapons/Materials/SMG11/M_SMG11_Camo.uasset" 122
"../../../../../../Users/skill/Documents/Unreal Projects/ProjectPG/Content/FPS_Weapon_Bundle/Weapons/Materials/SMG11/M_SMG11_Color.uasset" 123
"../../../../../../Users/skill/Documents/Unreal Projects/ProjectPG/Content/FPS_Weapon_Bundle/Weapons/Textures/Accessories/T_Scope_25x56_ALB.uasset" 124
"../../../../../../Users/skill/Documents/Unreal Projects/ProjectPG/Content/FPS_Weapon_Bundle/Weapons/Textures/Accessories/T_Scope_25x56_M_MSK.uasset" 125
"../../../../../../Users/skill/Documents/Unreal Projects/ProjectPG/Content/FPS_Weapon_Bundle/Weapons/Textures/Accessories/T_Scope_25x56_NRM.uasset" 126
"../../../../../../Users/skill/Documents/Unreal Projects/ProjectPG/Content/FPS_Weapon_Bundle/Weapons/Materials/Accessories/M_Scope_25x56.uasset" 127
"../../../../../../Users/skill/Documents/Unreal Projects/ProjectPG/Content/FPS_Weapon_Bundle/Weapons/Textures/Accessories/T_Scope_25x56_Lens_ALB.uasset" 128
"../../../../../../Users/skill/Documents/Unreal Projects/ProjectPG/Content/FPS_Weapon_Bundle/Weapons/Textures/Accessories/T_Scope_25x56_Lens_M_MSK.uasset" 129
"../../../../../../Users/skill/Documents/Unreal Projects/ProjectPG/Content/FPS_Weapon_Bundle/Weapons/Materials/Master_Material/M_Scope_Lens_MASTER.uasset" 130
"../../../../../../Users/skill/Documents/Unreal Projects/ProjectPG/Content/FPS_Weapon_Bundle/Weapons/Materials/Accessories/M_Scope_25x56_Lens.uasset" 131
"../../../../../../Users/skill/Documents/Unreal Projects/ProjectPG/Content/FPS_Weapon_Bundle/Weapons/Meshes/Accessories/SM_Scope_25x56_X.uasset" 132
"../../../../../../Users/skill/Documents/Unreal Projects/ProjectPG/Content/FPS_Weapon_Bundle/Weapons/Textures/Ammunition/T_762x39_ALB.uasset" 133
"../../../../../../Users/skill/Documents/Unreal Projects/ProjectPG/Content/FPS_Weapon_Bundle/Weapons/Textures/Ammunition/T_762x39_M_MSK.uasset" 134
"../../../../../../Users/skill/Documents/Unreal Projects/ProjectPG/Content/FPS_Weapon_Bundle/Weapons/Textures/Ammunition/T_762x39_NRM.uasset" 135
"../../../../../../Users/skill/Documents/Unreal Projects/ProjectPG/Content/FPS_Weapon_Bundle/Weapons/Materials/Ammunition/M_762x39_Empty.uasset" 136
"../../../../../../Users/skill/Documents/Unreal Projects/ProjectPG/Content/FPS_Weapon_Bundle/Weapons/Materials/AR4/M_AR4.uasset" 137
"../../../../../../Users/skill/Documents/Unreal Projects/ProjectPG/Content/FPS_Weapon_Bundle/Weapons/Meshes/AR4/SK_AR4_X_Physics.uasset" 138
"../../../../../../Users/skill/Documents/Unreal Projects/ProjectPG/Content/FPS_Weapon_Bundle/Weapons/Meshes/AR4/SK_AR4_X_Skeleton.uasset" 139
"../../../../../../Users/skill/Documents/Unreal Projects/ProjectPG/Content/FPS_Weapon_Bundle/Weapons/Meshes/AR4/SK_AR4_X.uasset" 140
"../../../../../../Users/skill/Documents/Unreal Projects/ProjectPG/Content/FPS_Weapon_Bundle/Weapons/Meshes/AR4/SM_AR4.uasset" 141
"../../../../../../Users/skill/Documents/Unreal Projects/ProjectPG/Content/FPS_Weapon_Bundle/Weapons/Meshes/AR4/SM_AR4_X.uasset" 142
"../../../../../../Users/skill/Documents/Unreal Projects/ProjectPG/Content/FPS_Weapon_Bundle/Weapons/Textures/G67_Grenade/T_G67_ALB.uasset" 143
"../../../../../../Users/skill/Documents/Unreal Projects/ProjectPG/Content/FPS_Weapon_Bundle/Weapons/Textures/G67_Grenade/T_G67_M_MSK.uasset" 144
"../../../../../../Users/skill/Documents/Unreal Projects/ProjectPG/Content/FPS_Weapon_Bundle/Weapons/Textures/G67_Grenade/T_G67_NRM.uasset" 145
"../../../../../../Users/skill/Documents/Unreal Projects/ProjectPG/Content/FPS_Weapon_Bundle/Weapons/Materials/G67_Grenade/M_G67.uasset" 146
"../../../../../../Users/skill/Documents/Unreal Projects/ProjectPG/Content/FPS_Weapon_Bundle/Weapons/Meshes/G67_Grenade/SK_G67_Physics.uasset" 147
"../../../../../../Users/skill/Documents/Unreal Projects/ProjectPG/Content/FPS_Weapon_Bundle/Weapons/Meshes/G67_Grenade/SK_G67_Skeleton.uasset" 148
"../../../../../../Users/skill/Documents/Unreal Projects/ProjectPG/Content/FPS_Weapon_Bundle/Weapons/Meshes/G67_Grenade/SK_G67.uasset" 149
"../../../../../../Users/skill/Documents/Unreal Projects/ProjectPG/Content/FPS_Weapon_Bundle/Weapons/Meshes/G67_Grenade/SM_G67.uasset" 150
"../../../../../../Users/skill/Documents/Unreal Projects/ProjectPG/Content/FPS_Weapon_Bundle/Weapons/Meshes/G67_Grenade/SM_G67_Thrown.uasset" 151
"../../../../../../Users/skill/Documents/Unreal Projects/ProjectPG/Content/FPS_Weapon_Bundle/Weapons/Meshes/G67_Grenade/SM_G67_X.uasset" 152
"../../../../../../Users/skill/Documents/Unreal Projects/ProjectPG/Content/FPS_Weapon_Bundle/Weapons/Meshes/Ka47/SK_KA47_X_Physics.uasset" 153
"../../../../../../Users/skill/Documents/Unreal Projects/ProjectPG/Content/FPS_Weapon_Bundle/Weapons/Meshes/Ka47/SK_KA47_X_Skeleton.uasset" 154
"../../../../../../Users/skill/Documents/Unreal Projects/ProjectPG/Content/FPS_Weapon_Bundle/Weapons/Meshes/Ka47/SK_KA47_X.uasset" 155
"../../../../../../Users/skill/Documents/Unreal Projects/ProjectPG/Content/FPS_Weapon_Bundle/Weapons/Meshes/Ka47/SM_KA47.uasset" 156
"../../../../../../Users/skill/Documents/Unreal Projects/ProjectPG/Content/FPS_Weapon_Bundle/Weapons/Meshes/Ka47/SM_KA47_X.uasset" 157
"../../../../../../Users/skill/Documents/Unreal Projects/ProjectPG/Content/FPS_Weapon_Bundle/Weapons/Meshes/KA74U/SK_KA74U_X_Physics.uasset" 158
"../../../../../../Users/skill/Documents/Unreal Projects/ProjectPG/Content/FPS_Weapon_Bundle/Weapons/Meshes/KA74U/SK_KA74U_X_Skeleton.uasset" 159
"../../../../../../Users/skill/Documents/Unreal Projects/ProjectPG/Content/FPS_Weapon_Bundle/Weapons/Meshes/KA74U/SK_KA74U_X.uasset" 160
"../../../../../../Users/skill/Documents/Unreal Projects/ProjectPG/Content/FPS_Weapon_Bundle/Weapons/Meshes/KA74U/SM_KA74U_Mag_Empty_Y.uasset" 161
"../../../../../../Users/skill/Documents/Unreal Projects/ProjectPG/Content/FPS_Weapon_Bundle/Weapons/Meshes/KA74U/SM_KA74U_Mag_Y.uasset" 162
"../../../../../../Users/skill/Documents/Unreal Projects/ProjectPG/Content/FPS_Weapon_Bundle/Weapons/Meshes/KA74U/SM_KA74U_X.uasset" 163
"../../../../../../Users/skill/Documents/Unreal Projects/ProjectPG/Content/FPS_Weapon_Bundle/Weapons/Meshes/KA74U/SM_KA74U_Y.uasset" 164
"../../../../../../Users/skill/Documents/Unreal Projects/ProjectPG/Content/FPS_Weapon_Bundle/Weapons/Meshes/KA_Val/SK_KA_Val_X_Physics.uasset" 165
"../../../../../../Users/skill/Documents/Unreal Projects/ProjectPG/Content/FPS_Weapon_Bundle/Weapons/Meshes/KA_Val/SK_KA_Val_X_Skeleton.uasset" 166
"../../../../../../Users/skill/Documents/Unreal Projects/ProjectPG/Content/FPS_Weapon_Bundle/Weapons/Meshes/KA_Val/SK_KA_Val_X.uasset" 167
"../../../../../../Users/skill/Documents/Unreal Projects/ProjectPG/Content/FPS_Weapon_Bundle/Weapons/Meshes/KA_Val/SM_KA_Val_Mag_X.uasset" 168
"../../../../../../Users/skill/Documents/Unreal Projects/ProjectPG/Content/FPS_Weapon_Bundle/Weapons/Meshes/KA_Val/SM_KA_Val_X.uasset" 169
"../../../../../../Users/skill/Documents/Unreal Projects/ProjectPG/Content/FPS_Weapon_Bundle/Weapons/Meshes/KA_Val/SM_KA_Val_Y.uasset" 170
"../../../../../../Users/skill/Documents/Unreal Projects/ProjectPG/Content/FPS_Weapon_Bundle/Weapons/Textures/M9_Knife/T_M9_ALB.uasset" 171
"../../../../../../Users/skill/Documents/Unreal Projects/ProjectPG/Content/FPS_Weapon_Bundle/Weapons/Textures/M9_Knife/T_M9_M_MSK.uasset" 172
"../../../../../../Users/skill/Documents/Unreal Projects/ProjectPG/Content/FPS_Weapon_Bundle/Weapons/Textures/M9_Knife/T_M9_NRM.uasset" 173
"../../../../../../Users/skill/Documents/Unreal Projects/ProjectPG/Content/FPS_Weapon_Bundle/Weapons/Materials/M9_Knife/M_M9_Knife.uasset" 174
"../../../../../../Users/skill/Documents/Unreal Projects/ProjectPG/Content/FPS_Weapon_Bundle/Weapons/Meshes/M9_Knife/SK_M9_Knife_Physics.uasset" 175
"../../../../../../Users/skill/Documents/Unreal Projects/ProjectPG/Content/FPS_Weapon_Bundle/Weapons/Meshes/M9_Knife/SK_M9_Knife_Skeleton.uasset" 176
"../../../../../../Users/skill/Documents/Unreal Projects/ProjectPG/Content/FPS_Weapon_Bundle/Weapons/Meshes/M9_Knife/SK_M9_Knife.uasset" 177
"../../../../../../Users/skill/Documents/Unreal Projects/ProjectPG/Content/FPS_Weapon_Bundle/Weapons/Meshes/M9_Knife/SM_M9_Knife.uasset" 178
"../../../../../../Users/skill/Documents/Unreal Projects/ProjectPG/Content/FPS_Weapon_Bundle/Weapons/Meshes/M9_Knife/SM_M9_Knife_X.uasset" 179
"../../../../../../Users/skill/Documents/Unreal Projects/ProjectPG/Content/FPS_Weapon_Bundle/Weapons/Textures/Ammunition/T_9mm_ALB.uasset" 180
"../../../../../../Users/skill/Documents/Unreal Projects/ProjectPG/Content/FPS_Weapon_Bundle/Weapons/Textures/Ammunition/T_9mm_M_MSK.uasset" 181
"../../../../../../Users/skill/Documents/Unreal Projects/ProjectPG/Content/FPS_Weapon_Bundle/Weapons/Textures/Ammunition/T_9mm_NRM.uasset" 182
"../../../../../../Users/skill/Documents/Unreal Projects/ProjectPG/Content/FPS_Weapon_Bundle/Weapons/Materials/Ammunition/M_9mm.uasset" 183
"../../../../../../Users/skill/Documents/Unreal Projects/ProjectPG/Content/FPS_Weapon_Bundle/Weapons/Textures/SMG11/T_SMG11_Rem_ALB.uasset" 184
"../../../../../../Users/skill/Documents/Unreal Projects/ProjectPG/Content/FPS_Weapon_Bundle/Weapons/Textures/SMG11/T_SMG11_Rem_M_MSK.uasset" 185
"../../../../../../Users/skill/Documents/Unreal Projects/ProjectPG/Content/FPS_Weapon_Bundle/Weapons/Textures/SMG11/T_SMG11_Rem_NRM.uasset" 186
"../../../../../../Users/skill/Documents/Unreal Projects/ProjectPG/Content/FPS_Weapon_Bundle/Weapons/Materials/SMG11/M_SMG11_Rem.uasset" 187
"../../../../../../Users/skill/Documents/Unreal Projects/ProjectPG/Content/FPS_Weapon_Bundle/Weapons/Meshes/SMG11/SK_SMG11_Nostock_X_Physics.uasset" 188
"../../../../../../Users/skill/Documents/Unreal Projects/ProjectPG/Content/FPS_Weapon_Bundle/Weapons/Meshes/SMG11/SK_SMG11_Nostock_X_Skeleton.uasset" 189
"../../../../../../Users/skill/Documents/Unreal Projects/ProjectPG/Content/FPS_Weapon_Bundle/Weapons/Meshes/SMG11/SK_SMG11_Nostock_X.uasset" 190
"../../../../../../Users/skill/Documents/Unreal Projects/ProjectPG/Content/FPS_Weapon_Bundle/Weapons/Meshes/SMG11/SK_SMG11_X_Physics.uasset" 191
"../../../../../../Users/skill/Documents/Unreal Projects/ProjectPG/Content/FPS_Weapon_Bundle/Weapons/Meshes/SMG11/SK_SMG11_X_Skeleton.uasset" 192
"../../../../../../Users/skill/Documents/Unreal Projects/ProjectPG/Content/FPS_Weapon_Bundle/Weapons/Meshes/SMG11/SK_SMG11_X.uasset" 193
"../../../../../../Users/skill/Documents/Unreal Projects/ProjectPG/Content/FPS_Weapon_Bundle/Weapons/Meshes/SMG11/SM_SMG11_Mag_Empty_Y.uasset" 194
"../../../../../../Users/skill/Documents/Unreal Projects/ProjectPG/Content/FPS_Weapon_Bundle/Weapons/Meshes/SMG11/SM_SMG11_Nostock_X.uasset" 195
"../../../../../../Users/skill/Documents/Unreal Projects/ProjectPG/Content/FPS_Weapon_Bundle/Weapons/Meshes/SMG11/SM_SMG11_Nostock_Y.uasset" 196
"../../../../../../Users/skill/Documents/Unreal Projects/ProjectPG/Content/FPS_Weapon_Bundle/Weapons/Meshes/SMG11/SM_SMG11_X.uasset" 197
"../../../../../../Users/skill/Documents/Unreal Projects/ProjectPG/Content/FPS_Weapon_Bundle/Weapons/Meshes/SMG11/SM_SMG11_Y.uasset" 198
"../../../../../../Users/skill/Documents/Unreal Projects/ProjectPG/Content/FPS_Weapon_Bundle/Weapons/Textures/Patterns/T_80s_Pattern.uasset" 199
"../../../../../../Users/skill/Documents/Unreal Projects/ProjectPG/Content/FPS_Weapon_Bundle/Weapons/Textures/Patterns/T_Chochip_Pattern.uasset" 200
"../../../../../../Users/skill/Documents/Unreal Projects/ProjectPG/Content/FPS_Weapon_Bundle/Weapons/Textures/Patterns/T_Cracks_Pattern.uasset" 201
"../../../../../../Users/skill/Documents/Unreal Projects/ProjectPG/Content/FPS_Weapon_Bundle/Weapons/Textures/Patterns/T_Hexagon_Glow_Pattern.uasset" 202
"../../../../../../Users/skill/Documents/Unreal Projects/ProjectPG/Content/FPS_Weapon_Bundle/Weapons/Textures/Patterns/T_Hexagon_Pattern.uasset" 203
"../../../../../../Users/skill/Documents/Unreal Projects/ProjectPG/Content/FPS_Weapon_Bundle/Weapons/Textures/Patterns/T_Ink_Pattern.uasset" 204
"../../../../../../Users/skill/Documents/Unreal Projects/ProjectPG/Content/FPS_Weapon_Bundle/Weapons/Textures/Patterns/T_Net01_Pattern.uasset" 205
"../../../../../../Users/skill/Documents/Unreal Projects/ProjectPG/Content/FPS_Weapon_Bundle/Weapons/Textures/Patterns/T_W90K_Pattern.uasset" 206
"../../../../../../Users/skill/Documents/Unreal Projects/ProjectPG/Content/FPS_Weapon_Bundle/Weapons/Textures/Patterns/T_W90_Pattern.uasset" 207
"../../../../../../Users/skill/Documents/Unreal Projects/ProjectPG/Content/MilitaryCharSilver/Textures/T_Female_D.uasset" 208
"../../../../../../Users/skill/Documents/Unreal Projects/ProjectPG/Content/MilitaryCharSilver/Textures/T_Female_E.uasset" 209
"../../../../../../Users/skill/Documents/Unreal Projects/ProjectPG/Content/MilitaryCharSilver/Textures/T_Female_N.uasset" 210
"../../../../../../Users/skill/Documents/Unreal Projects/ProjectPG/Content/MilitaryCharSilver/Textures/T_FemaleColor_M.uasset" 211
"../../../../../../Users/skill/Documents/Unreal Projects/ProjectPG/Content/MilitaryCharSilver/Textures/T_FemaleRoughness_M.uasset" 212
"../../../../../../Users/skill/Documents/Unreal Projects/ProjectPG/Content/MilitaryCharSilver/Materials/M_CharacterMaster.uasset" 213
"../../../../../../Users/skill/Documents/Unreal Projects/ProjectPG/Content/MilitaryCharSilver/Materials/M_Female_Inst.uasset" 214
"../../../../../../Users/skill/Documents/Unreal Projects/ProjectPG/Content/MilitaryCharSilver/MW_Style1_PhysicsAsset.uasset" 215
"../../../../../../Users/skill/Documents/Unreal Projects/ProjectPG/Content/MilitaryCharSilver/MW_Style1_Female.uasset" 216
"../../../../../../Users/skill/Documents/Unreal Projects/ProjectPG/Content/MilitaryCharSilver/Materials/M_FemaleVer2_Inst.uasset" 217
"../../../../../../Users/skill/Documents/Unreal Projects/ProjectPG/Content/MilitaryCharSilver/Textures/T_Male_D.uasset" 218
"../../../../../../Users/skill/Documents/Unreal Projects/ProjectPG/Content/MilitaryCharSilver/Textures/T_Male_E.uasset" 219
"../../../../../../Users/skill/Documents/Unreal Projects/ProjectPG/Content/MilitaryCharSilver/Textures/T_Male_N.uasset" 220
"../../../../../../Users/skill/Documents/Unreal Projects/ProjectPG/Content/MilitaryCharSilver/Textures/T_MaleColor_M.uasset" 221
"../../../../../../Users/skill/Documents/Unreal Projects/ProjectPG/Content/MilitaryCharSilver/Textures/T_MaleRoughness_M.uasset" 222
"../../../../../../Users/skill/Documents/Unreal Projects/ProjectPG/Content/MilitaryCharSilver/Materials/M_MaleVer2_Inst.uasset" 223
"../../../../../../Users/skill/Documents/Unreal Projects/ProjectPG/Content/Sound/Footsteps/Footstep01.uasset" 224
"../../../../../../Users/skill/Documents/Unreal Projects/ProjectPG/Content/Sound/Footsteps/Footstep02.uasset" 225
"../../../../../../Users/skill/Documents/Unreal Projects/ProjectPG/Content/Sound/Footsteps/Footstep03.uasset" 226
"../../../../../../Users/skill/Documents/Unreal Projects/ProjectPG/Content/Sound/Footsteps/Footstep04.uasset" 227
"../../../../../../Users/skill/Documents/Unreal Projects/ProjectPG/Content/Sound/Footsteps/Footstep05.uasset" 228
"../../../../../../Users/skill/Documents/Unreal Projects/ProjectPG/Content/Sound/Footsteps/Footstep06.uasset" 229
"../../../../../../Users/skill/Documents/Unreal Projects/ProjectPG/Content/Sound/Footsteps/Footstep07.uasset" 230
"../../../../../../Users/skill/Documents/Unreal Projects/ProjectPG/Content/Sound/Footsteps/Footstep08.uasset" 231
"../../../../../../Users/skill/Documents/Unreal Projects/ProjectPG/Content/Sound/Footsteps/Footstep09.uasset" 232
"../../../../../../Users/skill/Documents/Unreal Projects/ProjectPG/Content/UI/crosshair.uasset" 233
"../../../Engine/Content/Animation/DefaultAnimCurveCompressionSettings.uasset" 234
"../../../Engine/Content/Functions/Engine_MaterialFunctions01/Opacity/CameraDepthFade.uasset" 235
"../../../Engine/Content/EngineMaterials/T_Default_Material_Grid_M.uasset" 236
"../../../Engine/Content/EngineMaterials/T_Default_Material_Grid_N.uasset" 237
"../../../Engine/Content/EngineMaterials/WorldGridMaterial.uasset" 238
"../../../Engine/Content/ArtTools/RenderToTexture/Meshes/S_1_Unit_Plane.uasset" 239
"../../../Engine/Content/EngineMaterials/DefaultMaterial.uasset" 240
"../../../Engine/Content/BasicShapes/Cone.uasset" 241
"../../../Engine/Content/BasicShapes/Cylinder.uasset" 242
"../../../Engine/Content/BasicShapes/Plane.uasset" 243
"../../../Engine/Content/BasicShapes/Sphere.uasset" 244
"../../../Engine/Content/EditorLandscapeResources/DataLayer.uasset" 245
"../../../Engine/Content/EditorMaterials/MAT_Groups_Toggle.uasset" 246
"../../../Engine/Content/EditorMaterials/MAT_Groups_Visibility.uasset" 247
"../../../Engine/Content/EditorMaterials/PreviewShadowIndicator.uasset" 248
"../../../Engine/Content/EditorMaterials/PreviewShadowIndicatorMaterial.uasset" 249
"../../../Engine/Content/EditorMaterials/MatineeGroups/MAT_ColorTrack.uasset" 250
"../../../Engine/Content/EditorMaterials/MatineeGroups/MAT_Groups_Anim.uasset" 251
"../../../Engine/Content/EditorMaterials/MatineeGroups/MAT_Groups_AudioMaster.uasset" 252
"../../../Engine/Content/EditorMaterials/MatineeGroups/MAT_Groups_Director.uasset" 253
"../../../Engine/Content/EditorMaterials/MatineeGroups/MAT_Groups_Event.uasset" 254
"../../../Engine/Content/EditorMaterials/MatineeGroups/MAT_Groups_Fade.uasset" 255
"../../../Engine/Content/EditorMaterials/MatineeGroups/MAT_Groups_Float.uasset" 256
"../../../Engine/Content/EditorMaterials/MatineeGroups/MAT_Groups_Move.uasset" 257
"../../../Engine/Content/EditorMaterials/MatineeGroups/MAT_Groups_Slomo.uasset" 258
"../../../Engine/Content/EditorMaterials/MatineeGroups/MAT_Groups_Sound.uasset" 259
"../../../Engine/Content/EditorMaterials/MatineeGroups/MAT_Groups_Vector.uasset" 260
"../../../Engine/Content/EditorMaterials/ParticleSystems/PSysThumbnail_NoImage.uasset" 261
"../../../Engine/Content/EditorMaterials/ParticleSystems/PSysThumbnail_OOD.uasset" 262
"../../../Engine/Content/EditorMaterials/Camera/CineMat.uasset" 263
"../../../Engine/Content/EditorMaterials/Camera/MI_CineMat_Rig.uasset" 264
"../../../Engine/Content/EditorMeshes/Camera/SM_CraneRig_Arm.uasset" 265
"../../../Engine/Content/EditorMeshes/Camera/SM_CraneRig_Base.uasset" 266
"../../../Engine/Content/EditorMeshes/Camera/SM_CraneRig_Body.uasset" 267
"../../../Engine/Content/EditorMeshes/Camera/SM_CraneRig_Mount.uasset" 268
"../../../Engine/Content/EditorMeshes/Camera/SM_RailRig_Mount.uasset" 269
"../../../Engine/Content/EditorMeshes/Camera/SM_RailRig_Track.uasset" 270
"../../../Engine/Content/EditorResources/BSPVertex.uasset" 271
"../../../Engine/Content/EditorResources/EmptyActor.uasset" 272
"../../../Engine/Content/EditorResources/S_Actor.uasset" 273
"../../../Engine/Content/EditorResources/S_Note.uasset" 274
"../../../Engine/Content/EditorResources/S_Solver.uasset" 275
"../../../Engine/Content/EditorResources/S_Trigger.uasset" 276
"../../../Engine/Content/EditorResources/LightIcons/S_LightError.uasset" 277
"../../../Engine/Content/EditorResources/SequenceRecorder/Countdown.uasset" 278
"../../../Engine/Content/EditorResources/SequenceRecorder/RecordingIndicator.uasset" 279
"../../../Engine/Content/EditorSounds/Notifications/CompileFailed.uasset" 280
"../../../Engine/Content/EditorSounds/Notifications/CompileFailed_Cue.uasset" 281
"../../../Engine/Content/EditorSounds/Notifications/CompileSuccess.uasset" 282
"../../../Engine/Content/EditorSounds/Notifications/CompileStart_Cue.uasset" 283
"../../../Engine/Content/EditorSounds/Notifications/CompileSuccess_Cue.uasset" 284
"../../../Engine/Content/EngineDamageTypes/DmgTypeBP_Environmental.uasset" 285
"../../../Engine/Content/EngineDebugMaterials/DebugEditorMaterial.uasset" 286
"../../../Engine/Content/EngineDebugMaterials/DebugMeshMaterial.uasset" 287
"../../../Engine/Content/EngineDebugMaterials/M_SimpleUnlitTranslucent.uasset" 288
"../../../Engine/Content/Functions/Engine_MaterialFunctions02/Utility/CameraDirectionVector.uasset" 289
"../../../Engine/Content/EngineDebugMaterials/VolumeToRender.uasset" 290
"../../../Engine/Content/EngineDebugMaterials/M_VolumeRenderSphereTracePP.uasset" 291
"../../../Engine/Content/EngineDebugMaterials/WireframeMaterial.uasset" 292
"../../../Engine/Content/EngineFonts/Faces/DroidSansFallback.uasset" 293
"../../../Engine/Content/EngineFonts/Faces/RobotoBold.uasset" 294
"../../../Engine/Content/EngineFonts/Faces/RobotoBoldItalic.uasset" 295
"../../../Engine/Content/EngineFonts/Faces/RobotoItalic.uasset" 296
"../../../Engine/Content/EngineFonts/Faces/RobotoLight.uasset" 297
"../../../Engine/Content/EngineFonts/Faces/RobotoRegular.uasset" 298
"../../../Engine/Content/EngineFonts/Roboto.uasset" 299
"../../../Engine/Content/EngineMaterials/BaseFlattenDiffuseMap.uasset" 300
"../../../Engine/Content/EngineMaterials/BaseFlattenEmissiveMap.uasset" 301
"../../../Engine/Content/EngineMaterials/BaseFlattenGrayscaleMap.uasset" 302
"../../../Engine/Content/EngineMaterials/BaseFlattenNormalMap.uasset" 303
"../../../Engine/Content/EngineMaterials/BaseFlattenMaterial.uasset" 304
"../../../Engine/Content/EngineMaterials/BlueNoise.uasset" 305
"../../../Engine/Content/EngineMaterials/DefaultBloomKernel.uasset" 306
"../../../Engine/Content/EngineMaterials/DefaultBokeh.uasset" 307
"../../../Engine/Content/EngineMaterials/DefaultDiffuse.uasset" 308
"../../../Engine/Content/EngineMaterials/DefaultDeferredDecalMaterial.uasset" 309
"../../../Engine/Content/EngineMaterials/DefaultLightFunctionMaterial.uasset" 310
"../../../Engine/Content/EngineMaterials/DefaultPhysicalMaterial.uasset" 311
"../../../Engine/Content/Functions/Engine_MaterialFunctions02/Utility/BreakOutFloat2Components.uasset" 312
"../../../Engine/Content/EngineMaterials/DefaultPostProcessMaterial.uasset" 313
"../../../Engine/Content/EngineFonts/RobotoDistanceField.uasset" 314
"../../../Engine/Content/EngineMaterials/DefaultTextMaterialOpaque.uasset" 315
"../../../Engine/Content/EngineMaterials/DefaultWhiteGrid.uasset" 316
"../../../Engine/Content/EngineMaterials/DefaultWhiteGrid_Low.uasset" 317
"../../../Engine/Content/EngineMaterials/EmissiveMeshMaterial.uasset" 318
"../../../Engine/Content/EngineMaterials/GizmoMaterial.uasset" 319
"../../../Engine/Content/EngineMaterials/Good64x64TilingNoiseHighFreq.uasset" 320
"../../../Engine/Content/EngineMaterials/MiniFont.uasset" 321
"../../../Engine/Content/EngineMaterials/InvalidLightmapSettings.uasset" 322
"../../../Engine/Content/EngineMaterials/M_InvalidLightmapSettings.uasset" 323
"../../../Engine/Content/Functions/Engine_MaterialFunctions02/WorldPositionOffset/CameraOffset.uasset" 324
"../../../Engine/Content/EngineMaterials/PhAT_JointLimitMaterial.uasset" 325
"../../../Engine/Content/EngineMaterials/PreintegratedSkinBRDF.uasset" 326
"../../../Engine/Content/EngineMaterials/RemoveSurfaceMaterial.uasset" 327
"../../../Engine/Content/EngineMaterials/WeightMapPlaceholderTexture.uasset" 328
"../../../Engine/Content/EngineResources/WhiteSquareTexture.uasset" 329
"../../../Engine/Content/EngineMaterials/Widget3DPassThrough.uasset" 330
"../../../Engine/Content/EngineMaterials/Widget3DPassThrough_Masked.uasset" 331
"../../../Engine/Content/EngineMaterials/Widget3DPassThrough_Opaque.uasset" 332
"../../../Engine/Content/EngineMaterials/Widget3DPassThrough_Opaque_OneSided.uasset" 333
"../../../Engine/Content/EngineMaterials/Widget3DPassThrough_Translucent.uasset" 334
"../../../Engine/Content/EngineMaterials/Widget3DPassThrough_Translucent_OneSided.uasset" 335
"../../../Engine/Content/EngineMeshes/Cylinder.uasset" 336
"../../../Engine/Content/EngineMeshes/Sphere.uasset" 337
"../../../Engine/Content/EngineResources/Black.uasset" 338
"../../../Engine/Content/EngineResources/DefaultTexture.uasset" 339
"../../../Engine/Content/EngineResources/DefaultTextureCube.uasset" 340
"../../../Engine/Content/EngineResources/DefaultVolumeTexture2D.uasset" 341
"../../../Engine/Content/EngineResources/DefaultVolumeTexture.uasset" 342
"../../../Engine/Content/EngineResources/GradientTexture0.uasset" 343
"../../../Engine/Content/EngineSounds/Master.uasset" 344
"../../../Engine/Content/Functions/Engine_MaterialFunctions01/Shading/ConvertFromDiffSpec.uasset" 345
"../../../Engine/Content/Functions/Engine_MaterialFunctions01/Shading/PowerToRoughness.uasset" 346
"../../../Engine/Content/Maps/Templates/Thumbnails/Default.uasset" 347
"../../../Engine/Content/Maps/Templates/Thumbnails/TimeOfDay.uasset" 348
"../../../Engine/Content/Maps/Templates/Thumbnails/VR-Basic.uasset" 349
"../../../Engine/Content/MobileResources/T_MobileControls_texture.uasset" 350
"../../../Engine/Content/MobileResources/T_MobileMenu2.uasset" 351
"../../../Engine/Content/MobileResources/HUD/AnalogHat.uasset" 352
"../../../Engine/Content/MobileResources/HUD/VirtualJoystick_Background.uasset" 353
"../../../Engine/Content/MobileResources/HUD/VirtualJoystick_Thumb.uasset" 354
"../../../Engine/Content/MobileResources/HUD/DefaultVirtualJoysticks.uasset" 355
"../../../Engine/Content/MobileResources/HUD/LeftVirtualJoystickOnly.uasset" 356
"../../../Engine/Content/MobileResources/HUD/MobileHUDButton1_off.uasset" 357
"../../../Engine/Content/MobileResources/HUD/MobileHUDButton1_on.uasset" 358
"../../../Engine/Content/MobileResources/HUD/MobileHUDButton2_off.uasset" 359
"../../../Engine/Content/MobileResources/HUD/MobileHUDButton2_on.uasset" 360
"../../../Engine/Content/MobileResources/HUD/MobileHUDButton3.uasset" 361
"../../../Engine/Content/MobileResources/HUD/MobileHUDButtonFire.uasset" 362
"../../../Engine/Content/MobileResources/HUD/MobileHUDDirectionPad.uasset" 363
"../../../Engine/Content/MobileResources/HUD/MobileHUDDirectionPad2.uasset" 364
"../../../Engine/Content/MobileResources/HUD/MobileHUDDirectionPad3.uasset" 365
"../../../Engine/Content/MobileResources/HUD/MobileHUDDirectionStick.uasset" 366
"../../../Engine/Content/MobileResources/HUD/T_Castle_ThumbstickInner.uasset" 367
"../../../Engine/Content/MobileResources/HUD/T_Castle_ThumbstickOutter.uasset" 368
"../../../Engine/Content/Tutorial/ContentIntroCurve.uasset" 369
"../../../Engine/Content/Tutorial/Basics/LevelEditorAttract.uasset" 370
"../../../Engine/Content/Tutorial/Landscape/TutorialAssets/Landscape.uasset" 371
"../../../Engine/Content/Tutorial/Landscape/LandscapeWalkThrough.uasset" 372
"../../../Engine/Content/Tutorial/Landscape/Landscape_Manage_Mode.uasset" 373
"../../../Engine/Content/EditorBlueprintResources/StandardMacros.uasset" 374
"../../../Engine/Content/Tutorial/Landscape/Landscape_Painting_Mode.uasset" 375
"../../../Engine/Content/Tutorial/Landscape/Landscape_Sculpt_Mode.uasset" 376
"../../../Engine/Content/VREditor/Sounds/UI/Click_on_Button.uasset" 377
"../../../Engine/Content/VREditor/LaserPointer/VR_LaserPower_01.uasset" 378
"../../../Engine/Content/VREditor/TransformGizmo/TransformGizmoMaterial.uasset" 379
"../../../Engine/Content/VREditor/TransformGizmo/TranslucentTransformGizmoMaterial.uasset" 380
"../../../Engine/Content/VREditor/TransformGizmo/BoundingBoxCorner.uasset" 381
"../../../Engine/Content/VREditor/TransformGizmo/BoundingBoxEdge.uasset" 382
"../../../Engine/Content/VREditor/TransformGizmo/PlaneTranslationHandle.uasset" 383
"../../../Engine/Content/VREditor/TransformGizmo/Main.uasset" 384
"../../../Engine/Content/VREditor/TransformGizmo/Xray.uasset" 385
"../../../Engine/Content/VREditor/TransformGizmo/SM_Sequencer_Key.uasset" 386
"../../../Engine/Content/VREditor/TransformGizmo/SM_Sequencer_Node.uasset" 387
"../../Plugins/2D/Paper2D/Content/PlaceholderTextures/DummySpriteTexture.uasset" 388
"../../Plugins/2D/Paper2D/Content/DummySprite.uasset" 389
"../../Plugins/2D/Paper2D/Content/DefaultPaperTerrainMaterial.uasset" 390
"../../Plugins/2D/Paper2D/Content/DefaultSpriteMaterial.uasset" 391
"../../Plugins/2D/Paper2D/Content/MaskedUnlitSpriteMaterial.uasset" 392
"../../Plugins/2D/Paper2D/Content/OpaqueUnlitSpriteMaterial.uasset" 393
"../../Plugins/FX/Niagara/Content/Enums/ENiagaraBooleanLogicOps.uasset" 394
"../../Plugins/FX/Niagara/Content/Enums/ENiagaraCoordinateSpace.uasset" 395
"../../Plugins/FX/Niagara/Content/Enums/ENiagaraExpansionMode.uasset" 396
"../../Plugins/FX/Niagara/Content/Enums/ENiagaraOrientationAxis.uasset" 397
"../../Plugins/FX/Niagara/Content/Enums/ENiagaraRandomnessMode.uasset" 398
"../../../Engine/Content/Functions/Engine_MaterialFunctions02/Utility/BreakOutFloat4Components.uasset" 399
"../../../Engine/Content/Functions/Engine_MaterialFunctions02/Utility/MakeFloat2.uasset" 400
"../../../Engine/Content/Functions/Engine_MaterialFunctions02/Utility/MakeFloat3.uasset" 401
"../../Plugins/Runtime/Oculus/OculusVR/Content/Materials/OculusMR_ChromaKey.uasset" 402
"../../Plugins/Runtime/Oculus/OculusVR/Content/Materials/OculusMR_ChromaKey_Lit.uasset" 403
"../../Plugins/Runtime/Oculus/OculusVR/Content/Materials/OculusMR_OpaqueColoredMaterial.uasset" 404
"../../Plugins/Runtime/Oculus/OculusVR/Content/Materials/OculusMR_WhiteMaterial.uasset" 405
"../../../Engine/Content/EngineSky/C_Sky_Cloud_Color.uasset" 406
"../../../Engine/Content/EngineSky/C_Sky_Horizon_Color.uasset" 407
"../../../Engine/Content/EngineSky/C_Sky_Zenith_Color.uasset" 408
"../../../Engine/Content/EngineSky/T_Sky_Blue.uasset" 409
"../../../Engine/Content/EngineSky/T_Sky_Clouds_M.uasset" 410
"../../../Engine/Content/EngineSky/T_Sky_Stars.uasset" 411
"../../../Engine/Content/EngineSky/M_Sky_Panning_Clouds2.uasset" 412
"../../../Engine/Content/EngineSky/SM_SkySphere.uasset" 413
"../../../Engine/Content/EngineSky/BP_Sky_Sphere.uasset" 414
"../../../Engine/Content/TemplateResources/M_Template_Master.uasset" 415
"../../../Engine/Content/TemplateResources/MI_Template_BaseGray_03_Metal.uasset" 416
"../../../../../../Users/skill/Documents/Unreal Projects/ProjectPG/Content/FPS_Weapon_Bundle/Weapons/Materials/Accessories/M_Scope_25x56_Lens_NoAlpha.uasset" 417
"../../../../../../Users/skill/Documents/Unreal Projects/ProjectPG/Content/FPS_Weapon_Bundle/Weapons/Meshes/Accessories/SM_Scope_25x56_Y.uasset" 418
"../../../../../../Users/skill/Documents/Unreal Projects/ProjectPG/Content/FPS_Weapon_Bundle/Weapons/Textures/Accessories/T_Suppressor5_ALB.uasset" 419
"../../../../../../Users/skill/Documents/Unreal Projects/ProjectPG/Content/FPS_Weapon_Bundle/Weapons/Textures/Accessories/T_Suppressor5_M_MSK.uasset" 420
"../../../../../../Users/skill/Documents/Unreal Projects/ProjectPG/Content/FPS_Weapon_Bundle/Weapons/Textures/Accessories/T_Suppressor5_NRM.uasset" 421
"../../../../../../Users/skill/Documents/Unreal Projects/ProjectPG/Content/FPS_Weapon_Bundle/Weapons/Materials/Accessories/M_Suppressor5.uasset" 422
"../../../../../../Users/skill/Documents/Unreal Projects/ProjectPG/Content/FPS_Weapon_Bundle/Weapons/Meshes/Accessories/SM_Suppressor5.uasset" 423
"../../../../../../Users/skill/Documents/Unreal Projects/ProjectPG/Content/FPS_Weapon_Bundle/Weapons/Materials/RDS/M_RDS_Glass.uasset" 424
"../../../../../../Users/skill/Documents/Unreal Projects/ProjectPG/Content/FPS_Weapon_Bundle/Weapons/Textures/Accessories/T_Tc4_ALB.uasset" 425
"../../../../../../Users/skill/Documents/Unreal Projects/ProjectPG/Content/FPS_Weapon_Bundle/Weapons/Textures/Accessories/T_Tc4_M_MSK.uasset" 426
"../../../../../../Users/skill/Documents/Unreal Projects/ProjectPG/Content/FPS_Weapon_Bundle/Weapons/Textures/Accessories/T_Tc4_NRM.uasset" 427
"../../../../../../Users/skill/Documents/Unreal Projects/ProjectPG/Content/FPS_Weapon_Bundle/Weapons/Materials/Accessories/M_Tc4_Sight.uasset" 428
"../../../../../../Users/skill/Documents/Unreal Projects/ProjectPG/Content/FPS_Weapon_Bundle/Weapons/Meshes/Accessories/SM_T4_Sight.uasset" 429
"../../../../../../Users/skill/Documents/Unreal Projects/ProjectPG/Content/FPS_Weapon_Bundle/Weapons/Meshes/Accessories/SM_Vertgrip.uasset" 430
"../../../../../../Users/skill/Documents/Unreal Projects/ProjectPG/Content/FPS_Weapon_Bundle/Weapons/Textures/Ammunition/T_12Gauge_ALB.uasset" 431
"../../../../../../Users/skill/Documents/Unreal Projects/ProjectPG/Content/FPS_Weapon_Bundle/Weapons/Textures/Ammunition/T_12Gauge_M_MSK.uasset" 432
"../../../../../../Users/skill/Documents/Unreal Projects/ProjectPG/Content/FPS_Weapon_Bundle/Weapons/Textures/Ammunition/T_12Gauge_NRM.uasset" 433
"../../../../../../Users/skill/Documents/Unreal Projects/ProjectPG/Content/FPS_Weapon_Bundle/Weapons/Materials/Ammunition/M_Ammo_12gauge.uasset" 434
"../../../../../../Users/skill/Documents/Unreal Projects/ProjectPG/Content/FPS_Weapon_Bundle/Weapons/Meshes/Ammunition/SM_Shell_12Gauge.uasset" 435
"../../../../../../Users/skill/Documents/Unreal Projects/ProjectPG/Content/FPS_Weapon_Bundle/Weapons/Meshes/Ammunition/SM_Shell_12Gauge_Empty.uasset" 436
"../../../../../../Users/skill/Documents/Unreal Projects/ProjectPG/Content/FPS_Weapon_Bundle/Weapons/Textures/Ammunition/T_40mm_Grenade_ALB.uasset" 437
"../../../../../../Users/skill/Documents/Unreal Projects/ProjectPG/Content/FPS_Weapon_Bundle/Weapons/Textures/Ammunition/T_40mm_Grenade_M_MSK.uasset" 438
"../../../../../../Users/skill/Documents/Unreal Projects/ProjectPG/Content/FPS_Weapon_Bundle/Weapons/Textures/Ammunition/T_40mm_Grenade_NRM.uasset" 439
"../../../../../../Users/skill/Documents/Unreal Projects/ProjectPG/Content/FPS_Weapon_Bundle/Weapons/Materials/Ammunition/M_40mm_Grenade.uasset" 440
"../../../../../../Users/skill/Documents/Unreal Projects/ProjectPG/Content/FPS_Weapon_Bundle/Weapons/Meshes/Ammunition/SM_Shell_40mm_G.uasset" 441
"../../../../../../Users/skill/Documents/Unreal Projects/ProjectPG/Content/FPS_Weapon_Bundle/Weapons/Meshes/Ammunition/SM_Shell_40mm_G_Empty.uasset" 442
"../../../../../../Users/skill/Documents/Unreal Projects/ProjectPG/Content/FPS_Weapon_Bundle/Weapons/Textures/Ammunition/T_45ap_ALB.uasset" 443
"../../../../../../Users/skill/Documents/Unreal Projects/ProjectPG/Content/FPS_Weapon_Bundle/Weapons/Textures/Ammunition/T_45ap_M_MSK.uasset" 444
"../../../../../../Users/skill/Documents/Unreal Projects/ProjectPG/Content/FPS_Weapon_Bundle/Weapons/Textures/Ammunition/T_45ap_NRM.uasset" 445
"../../../../../../Users/skill/Documents/Unreal Projects/ProjectPG/Content/FPS_Weapon_Bundle/Weapons/Materials/Ammunition/M_45ap.uasset" 446
"../../../../../../Users/skill/Documents/Unreal Projects/ProjectPG/Content/FPS_Weapon_Bundle/Weapons/Meshes/Ammunition/SM_Shell_45ap.uasset" 447
"../../../../../../Users/skill/Documents/Unreal Projects/ProjectPG/Content/FPS_Weapon_Bundle/Weapons/Meshes/Ammunition/SM_Shell_45ap_Empty.uasset" 448
"../../../../../../Users/skill/Documents/Unreal Projects/ProjectPG/Content/FPS_Weapon_Bundle/Weapons/Meshes/Ammunition/SM_Shell_545x39.uasset" 449
"../../../../../../Users/skill/Documents/Unreal Projects/ProjectPG/Content/FPS_Weapon_Bundle/Weapons/Meshes/Ammunition/SM_Shell_545x39_Empty.uasset" 450
"../../../../../../Users/skill/Documents/Unreal Projects/ProjectPG/Content/FPS_Weapon_Bundle/Weapons/Meshes/Ammunition/SM_Shell_556x45.uasset" 451
"../../../../../../Users/skill/Documents/Unreal Projects/ProjectPG/Content/FPS_Weapon_Bundle/Weapons/Meshes/Ammunition/SM_Shell_556x45_Empty.uasset" 452
"../../../../../../Users/skill/Documents/Unreal Projects/ProjectPG/Content/FPS_Weapon_Bundle/Weapons/Meshes/Ammunition/SM_Shell_762x39.uasset" 453
"../../../../../../Users/skill/Documents/Unreal Projects/ProjectPG/Content/FPS_Weapon_Bundle/Weapons/Meshes/Ammunition/SM_Shell_762x39_Empty.uasset" 454
"../../../../../../Users/skill/Documents/Unreal Projects/ProjectPG/Content/FPS_Weapon_Bundle/Weapons/Meshes/Ammunition/SM_Shell_762x51.uasset" 455
"../../../../../../Users/skill/Documents/Unreal Projects/ProjectPG/Content/FPS_Weapon_Bundle/Weapons/Meshes/Ammunition/SM_Shell_762x51_Empty.uasset" 456
"../../../../../../Users/skill/Documents/Unreal Projects/ProjectPG/Content/FPS_Weapon_Bundle/Weapons/Meshes/Ammunition/SM_Shell_9mm.uasset" 457
"../../../../../../Users/skill/Documents/Unreal Projects/ProjectPG/Content/FPS_Weapon_Bundle/Weapons/Meshes/Ammunition/SM_Shell_9mm_Empty.uasset" 458
"../../../../../../Users/skill/Documents/Unreal Projects/ProjectPG/Content/FPS_Weapon_Bundle/Weapons/Textures/Ammunition/T_9x18_ALB.uasset" 459
"../../../../../../Users/skill/Documents/Unreal Projects/ProjectPG/Content/FPS_Weapon_Bundle/Weapons/Textures/Ammunition/T_9x18_M_MSK.uasset" 460
"../../../../../../Users/skill/Documents/Unreal Projects/ProjectPG/Content/FPS_Weapon_Bundle/Weapons/Textures/Ammunition/T_9x18_NRM.uasset" 461
"../../../../../../Users/skill/Documents/Unreal Projects/ProjectPG/Content/FPS_Weapon_Bundle/Weapons/Materials/Ammunition/M_9x18.uasset" 462
"../../../../../../Users/skill/Documents/Unreal Projects/ProjectPG/Content/FPS_Weapon_Bundle/Weapons/Meshes/Ammunition/SM_Shell_9x18.uasset" 463
"../../../../../../Users/skill/Documents/Unreal Projects/ProjectPG/Content/FPS_Weapon_Bundle/Weapons/Meshes/Ammunition/SM_Shell_9x18_Empty.uasset" 464
"../../../../../../Users/skill/Documents/Unreal Projects/ProjectPG/Content/FPS_Weapon_Bundle/Weapons/Meshes/AR4/SK_AR4_Physics.uasset" 465
"../../../../../../Users/skill/Documents/Unreal Projects/ProjectPG/Content/FPS_Weapon_Bundle/Weapons/Meshes/AR4/SK_AR4_Skeleton.uasset" 466
"../../../../../../Users/skill/Documents/Unreal Projects/ProjectPG/Content/FPS_Weapon_Bundle/Weapons/Meshes/AR4/SK_AR4.uasset" 467
"../../../../../../Users/skill/Documents/Unreal Projects/ProjectPG/Content/FPS_Weapon_Bundle/Weapons/Meshes/AR4/SM_AR4_Mag.uasset" 468
"../../../../../../Users/skill/Documents/Unreal Projects/ProjectPG/Content/FPS_Weapon_Bundle/Weapons/Meshes/AR4/SM_AR4_Mag_Empty.uasset" 469
"../../../../../../Users/skill/Documents/Unreal Projects/ProjectPG/Content/FPS_Weapon_Bundle/Weapons/Meshes/G67_Grenade/SK_G67_X_Physics.uasset" 470
"../../../../../../Users/skill/Documents/Unreal Projects/ProjectPG/Content/FPS_Weapon_Bundle/Weapons/Meshes/G67_Grenade/SK_G67_X_Skeleton.uasset" 471
"../../../../../../Users/skill/Documents/Unreal Projects/ProjectPG/Content/FPS_Weapon_Bundle/Weapons/Meshes/G67_Grenade/SK_G67_X.uasset" 472
"../../../../../../Users/skill/Documents/Unreal Projects/ProjectPG/Content/FPS_Weapon_Bundle/Weapons/Meshes/Ka47/SK_KA47_Physics.uasset" 473
"../../../../../../Users/skill/Documents/Unreal Projects/ProjectPG/Content/FPS_Weapon_Bundle/Weapons/Meshes/Ka47/SK_KA47_Skeleton.uasset" 474
"../../../../../../Users/skill/Documents/Unreal Projects/ProjectPG/Content/FPS_Weapon_Bundle/Weapons/Meshes/Ka47/SK_KA47.uasset" 475
"../../../../../../Users/skill/Documents/Unreal Projects/ProjectPG/Content/FPS_Weapon_Bundle/Weapons/Meshes/Ka47/SM_KA47_Mag.uasset" 476
"../../../../../../Users/skill/Documents/Unreal Projects/ProjectPG/Content/FPS_Weapon_Bundle/Weapons/Meshes/Ka47/SM_KA47_Mag_Empty.uasset" 477
"../../../../../../Users/skill/Documents/Unreal Projects/ProjectPG/Content/FPS_Weapon_Bundle/Weapons/Meshes/KA74U/SK_KA74U_Y_Physics.uasset" 478
"../../../../../../Users/skill/Documents/Unreal Projects/ProjectPG/Content/FPS_Weapon_Bundle/Weapons/Meshes/KA74U/SK_KA74U_Y_Skeleton.uasset" 479
"../../../../../../Users/skill/Documents/Unreal Projects/ProjectPG/Content/FPS_Weapon_Bundle/Weapons/Meshes/KA74U/SK_KA74U_Y.uasset" 480
"../../../../../../Users/skill/Documents/Unreal Projects/ProjectPG/Content/FPS_Weapon_Bundle/Weapons/Meshes/KA74U/SM_KA74U_Mag_Empty_X.uasset" 481
"../../../../../../Users/skill/Documents/Unreal Projects/ProjectPG/Content/FPS_Weapon_Bundle/Weapons/Meshes/KA74U/SM_KA74U_Mag_X.uasset" 482
"../../../../../../Users/skill/Documents/Unreal Projects/ProjectPG/Content/FPS_Weapon_Bundle/Weapons/Meshes/KA_Val/SK_KA_Val_Y_Physics.uasset" 483
"../../../../../../Users/skill/Documents/Unreal Projects/ProjectPG/Content/FPS_Weapon_Bundle/Weapons/Meshes/KA_Val/SK_KA_Val_Y_Skeleton.uasset" 484
"../../../../../../Users/skill/Documents/Unreal Projects/ProjectPG/Content/FPS_Weapon_Bundle/Weapons/Meshes/KA_Val/SK_KA_Val_Y.uasset" 485
"../../../../../../Users/skill/Documents/Unreal Projects/ProjectPG/Content/FPS_Weapon_Bundle/Weapons/Meshes/KA_Val/SM_KA_Val_MAG_Loaded_Y.uasset" 486
"../../../../../../Users/skill/Documents/Unreal Projects/ProjectPG/Content/FPS_Weapon_Bundle/Weapons/Meshes/KA_Val/SM_KA_Val_Mag_Y.uasset" 487
"../../../../../../Users/skill/Documents/Unreal Projects/ProjectPG/Content/FPS_Weapon_Bundle/Weapons/Meshes/M9_Knife/SK_M9_Knife_X_Physics.uasset" 488
"../../../../../../Users/skill/Documents/Unreal Projects/ProjectPG/Content/FPS_Weapon_Bundle/Weapons/Meshes/M9_Knife/SK_M9_Knife_X_Skeleton.uasset" 489
"../../../../../../Users/skill/Documents/Unreal Projects/ProjectPG/Content/FPS_Weapon_Bundle/Weapons/Meshes/M9_Knife/SK_M9_Knife_X.uasset" 490
"../../../../../../Users/skill/Documents/Unreal Projects/ProjectPG/Content/FPS_Weapon_Bundle/Weapons/Meshes/SMG11/SK_SMG11_Nostock_Y_Physics.uasset" 491
"../../../../../../Users/skill/Documents/Unreal Projects/ProjectPG/Content/FPS_Weapon_Bundle/Weapons/Meshes/SMG11/SK_SMG11_Nostock_Y_Skeleton.uasset" 492
"../../../../../../Users/skill/Documents/Unreal Projects/ProjectPG/Content/FPS_Weapon_Bundle/Weapons/Meshes/SMG11/SK_SMG11_Nostock_Y.uasset" 493
"../../../../../../Users/skill/Documents/Unreal Projects/ProjectPG/Content/FPS_Weapon_Bundle/Weapons/Meshes/SMG11/SK_SMG11_Y_Physics.uasset" 494
"../../../../../../Users/skill/Documents/Unreal Projects/ProjectPG/Content/FPS_Weapon_Bundle/Weapons/Meshes/SMG11/SK_SMG11_Y_Skeleton.uasset" 495
"../../../../../../Users/skill/Documents/Unreal Projects/ProjectPG/Content/FPS_Weapon_Bundle/Weapons/Meshes/SMG11/SK_SMG11_Y.uasset" 496
"../../../../../../Users/skill/Documents/Unreal Projects/ProjectPG/Content/FPS_Weapon_Bundle/Weapons/Meshes/SMG11/SM_SMG11_Mag_Empty_X.uasset" 497
"../../../../../../Users/skill/Documents/Unreal Projects/ProjectPG/Content/FPS_Weapon_Bundle/Weapons/Meshes/SMG11/SM_SMG11_Mag_X.uasset" 498
"../../../../../../Users/skill/Documents/Unreal Projects/ProjectPG/Content/FPS_Weapon_Bundle/Maps/Weapons_Showcase.umap" 499
"../../../../../../Users/skill/Documents/Unreal Projects/ProjectPG/Content/Blueprints/Basic/BP_BasicHUD.uasset" 500
"../../../Engine/Content/Animation/DefaultAnimBoneCompressionSettings.uasset" 501
"../../../../../../Users/skill/Documents/Unreal Projects/ProjectPG/Content/AnimStarterPack/Animations/Idle_Rifle_Hip.uasset" 502
"../../../../../../Users/skill/Documents/Unreal Projects/ProjectPG/Content/AnimStarterPack/Animations/AimOffset/Rifle_Hip_CC.uasset" 503
"../../../../../../Users/skill/Documents/Unreal Projects/ProjectPG/Content/AnimStarterPack/Animations/AimOffset/Rifle_Hip_CD.uasset" 504
"../../../../../../Users/skill/Documents/Unreal Projects/ProjectPG/Content/AnimStarterPack/Animations/AimOffset/Rifle_Hip_CU.uasset" 505
"../../../../../../Users/skill/Documents/Unreal Projects/ProjectPG/Content/AnimStarterPack/Animations/AimOffset/Rifle_Hip_LC.uasset" 506
"../../../../../../Users/skill/Documents/Unreal Projects/ProjectPG/Content/AnimStarterPack/Animations/AimOffset/Rifle_Hip_LD.uasset" 507
"../../../../../../Users/skill/Documents/Unreal Projects/ProjectPG/Content/AnimStarterPack/Animations/AimOffset/Rifle_Hip_LU.uasset" 508
"../../../../../../Users/skill/Documents/Unreal Projects/ProjectPG/Content/AnimStarterPack/Animations/AimOffset/Rifle_Hip_RC.uasset" 509
"../../../../../../Users/skill/Documents/Unreal Projects/ProjectPG/Content/AnimStarterPack/Animations/AimOffset/Rifle_Hip_RD.uasset" 510
"../../../../../../Users/skill/Documents/Unreal Projects/ProjectPG/Content/AnimStarterPack/Animations/AimOffset/Rifle_Hip_RU.uasset" 511
"../../../../../../Users/skill/Documents/Unreal Projects/ProjectPG/Content/AnimStarterPack/Animations/AimOffset/NormalAimOffset.uasset" 512
"../../../../../../Users/skill/Documents/Unreal Projects/ProjectPG/Content/AnimStarterPack/Animations/Idle_Rifle_Ironsights.uasset" 513
"../../../../../../Users/skill/Documents/Unreal Projects/ProjectPG/Content/AnimStarterPack/Animations/AimOffset/Ironsights_C.uasset" 514
"../../../../../../Users/skill/Documents/Unreal Projects/ProjectPG/Content/AnimStarterPack/Animations/AimOffset/Ironsights_D.uasset" 515
"../../../../../../Users/skill/Documents/Unreal Projects/ProjectPG/Content/AnimStarterPack/Animations/AimOffset/Ironsights_U.uasset" 516
"../../../../../../Users/skill/Documents/Unreal Projects/ProjectPG/Content/AnimStarterPack/Animations/AimOffset/AimOffset_Ironsight.uasset" 517
"../../../../../../Users/skill/Documents/Unreal Projects/ProjectPG/Content/AnimStarterPack/Animations/Fire_Rifle_Hip.uasset" 518
"../../../../../../Users/skill/Documents/Unreal Projects/ProjectPG/Content/AnimStarterPack/Animations/Fire_Rifle_Ironsights.uasset" 519
"../../../../../../Users/skill/Documents/Unreal Projects/ProjectPG/Content/AnimStarterPack/Animations/Crouch_Idle_Rifle_Ironsights.uasset" 520
"../../../../../../Users/skill/Documents/Unreal Projects/ProjectPG/Content/AnimStarterPack/Animations/Crouch_Walk_Bwd_Rifle_Ironsights.uasset" 521
"../../../../../../Users/skill/Documents/Unreal Projects/ProjectPG/Content/AnimStarterPack/Animations/Crouch_Walk_Fwd_Rifle_Ironsights.uasset" 522
"../../../../../../Users/skill/Documents/Unreal Projects/ProjectPG/Content/AnimStarterPack/Animations/Crouch_Walk_Lt_Rifle_Ironsights.uasset" 523
"../../../../../../Users/skill/Documents/Unreal Projects/ProjectPG/Content/AnimStarterPack/Animations/Crouch_Walk_Rt_Rifle_Ironsights.uasset" 524
"../../../../../../Users/skill/Documents/Unreal Projects/ProjectPG/Content/AnimStarterPack/Animations/BlendSpace/BS_Crouch_IronSight.uasset" 525
"../../../../../../Users/skill/Documents/Unreal Projects/ProjectPG/Content/AnimStarterPack/Animations/Crouch_Idle_Rifle_Hip.uasset" 526
"../../../../../../Users/skill/Documents/Unreal Projects/ProjectPG/Content/AnimStarterPack/Animations/Crouch_Walk_Bwd_Rifle_Hip.uasset" 527
"../../../../../../Users/skill/Documents/Unreal Projects/ProjectPG/Content/AnimStarterPack/Animations/Crouch_Walk_Fwd_Rifle_Hip.uasset" 528
"../../../../../../Users/skill/Documents/Unreal Projects/ProjectPG/Content/AnimStarterPack/Animations/Crouch_Walk_Lt_Rifle_Hip.uasset" 529
"../../../../../../Users/skill/Documents/Unreal Projects/ProjectPG/Content/AnimStarterPack/Animations/Crouch_Walk_Rt_Rifle_Hip.uasset" 530
"../../../../../../Users/skill/Documents/Unreal Projects/ProjectPG/Content/AnimStarterPack/Animations/BlendSpace/BS_Crouch_Normal.uasset" 531
"../../../../../../Users/skill/Documents/Unreal Projects/ProjectPG/Content/AnimStarterPack/Animations/Walk_Bwd_Rifle_Ironsights.uasset" 532
"../../../../../../Users/skill/Documents/Unreal Projects/ProjectPG/Content/AnimStarterPack/Animations/Walk_Fwd_Rifle_Ironsights.uasset" 533
"../../../../../../Users/skill/Documents/Unreal Projects/ProjectPG/Content/AnimStarterPack/Animations/Walk_Lt_Rifle_Ironsights.uasset" 534
"../../../../../../Users/skill/Documents/Unreal Projects/ProjectPG/Content/AnimStarterPack/Animations/Walk_Rt_Rifle_Ironsights.uasset" 535
"../../../../../../Users/skill/Documents/Unreal Projects/ProjectPG/Content/AnimStarterPack/Animations/BlendSpace/BS_IronSight.uasset" 536
"../../../../../../Users/skill/Documents/Unreal Projects/ProjectPG/Content/AnimStarterPack/Animations/Jog_Bwd_Rifle.uasset" 537
"../../../../../../Users/skill/Documents/Unreal Projects/ProjectPG/Content/AnimStarterPack/Animations/Jog_Fwd_Rifle.uasset" 538
"../../../../../../Users/skill/Documents/Unreal Projects/ProjectPG/Content/AnimStarterPack/Animations/Jog_Lt_Rifle.uasset" 539
"../../../../../../Users/skill/Documents/Unreal Projects/ProjectPG/Content/AnimStarterPack/Animations/Jog_Rt_Rifle.uasset" 540
"../../../../../../Users/skill/Documents/Unreal Projects/ProjectPG/Content/AnimStarterPack/Animations/BlendSpace/BS_Normal.uasset" 541
"../../../../../../Users/skill/Documents/Unreal Projects/ProjectPG/Content/AnimStarterPack/Animations/BlendSpace/BS_Idle_Jog_Sprint.uasset" 542
"../../../../../../Users/skill/Documents/Unreal Projects/ProjectPG/Content/Blueprints/Basic/AnimBP_Character.uasset" 543
"../../../../../../Users/skill/Documents/Unreal Projects/ProjectPG/Content/AnimStarterPack/Animations/Death_1.uasset" 544
"../../../../../../Users/skill/Documents/Unreal Projects/ProjectPG/Content/AnimStarterPack/Animations/Death_2.uasset" 545
"../../../../../../Users/skill/Documents/Unreal Projects/ProjectPG/Content/AnimStarterPack/Animations/Death_3.uasset" 546
"../../../../../../Users/skill/Documents/Unreal Projects/ProjectPG/Content/Blueprints/Basic/Death_Anim_Montage.uasset" 547
"../../../../../../Users/skill/Documents/Unreal Projects/ProjectPG/Content/AnimStarterPack/Animations/Hit_React_1.uasset" 548
"../../../../../../Users/skill/Documents/Unreal Projects/ProjectPG/Content/AnimStarterPack/Animations/Hit_React_2.uasset" 549
"../../../../../../Users/skill/Documents/Unreal Projects/ProjectPG/Content/AnimStarterPack/Animations/Hit_React_3.uasset" 550
"../../../../../../Users/skill/Documents/Unreal Projects/ProjectPG/Content/AnimStarterPack/Animations/Hit_React_4.uasset" 551
"../../../../../../Users/skill/Documents/Unreal Projects/ProjectPG/Content/Blueprints/Basic/Hit_React_Montage.uasset" 552
"../../../../../../Users/skill/Documents/Unreal Projects/ProjectPG/Content/AnimStarterPack/Animations/Reload_Rifle_Hip.uasset" 553
"../../../../../../Users/skill/Documents/Unreal Projects/ProjectPG/Content/Blueprints/Basic/Reload_Rifle_Hip_Montage.uasset" 554
"../../../../../../Users/skill/Documents/Unreal Projects/ProjectPG/Content/Blueprints/Basic/BP_FPS_CameraShake.uasset" 555
"../../../../../../Users/skill/Documents/Unreal Projects/ProjectPG/Content/Effects/Decal/BulletDecal.uasset" 556
"../../../../../../Users/skill/Documents/Unreal Projects/ProjectPG/Content/Effects/Decal/M_BulletDecal.uasset" 557
"../../../../../../Users/skill/Documents/Unreal Projects/ProjectPG/Content/Effects/Decal/M_BulletDecal_Inst.uasset" 558
"../../../../../../Users/skill/Documents/Unreal Projects/ProjectPG/Content/Effects/Textures/T_blood_various.uasset" 559
"../../../../../../Users/skill/Documents/Unreal Projects/ProjectPG/Content/Effects/Textures/T_blood_various_N.uasset" 560
"../../../../../../Users/skill/Documents/Unreal Projects/ProjectPG/Content/Effects/Materials/Gameplay/M_impact_splash_subUV.uasset" 561
"../../../../../../Users/skill/Documents/Unreal Projects/ProjectPG/Content/Effects/P_BloodEffect.uasset" 562
"../../../../../../Users/skill/Documents/Unreal Projects/ProjectPG/Content/Effects/Textures/LensFlare/Flare_02.uasset" 563
"../../../../../../Users/skill/Documents/Unreal Projects/ProjectPG/Content/Effects/Materials/LensFlare/M_LensFlare_02.uasset" 564
"../../../../../../Users/skill/Documents/Unreal Projects/ProjectPG/Content/Effects/Materials/Ramp/M_radial_ramp_soft.uasset" 565
"../../../../../../Users/skill/Documents/Unreal Projects/ProjectPG/Content/Effects/Textures/Smoke/T_Clouds_01.uasset" 566
"../../../../../../Users/skill/Documents/Unreal Projects/ProjectPG/Content/Effects/Textures/Smoke/T_SmokeBall_01_8_8.uasset" 567
"../../../../../../Users/skill/Documents/Unreal Projects/ProjectPG/Content/Effects/Materials/Smoke/M_ImpactSmoke.uasset" 568
"../../../../../../Users/skill/Documents/Unreal Projects/ProjectPG/Content/Effects/Textures/Water/T_Steam_02_Packed.uasset" 569
"../../../../../../Users/skill/Documents/Unreal Projects/ProjectPG/Content/Effects/Materials/Smoke/M_MuzzleSmokeDetail_GPU.uasset" 570
"../../../../../../Users/skill/Documents/Unreal Projects/ProjectPG/Content/Effects/Textures/Spark/T_SparkCore_2X2.uasset" 571
"../../../../../../Users/skill/Documents/Unreal Projects/ProjectPG/Content/Effects/Materials/spark/M_spark_subUV.uasset" 572
"../../../../../../Users/skill/Documents/Unreal Projects/ProjectPG/Content/Effects/P_HitEffect.uasset" 573
"../../../../../../Users/skill/Documents/Unreal Projects/ProjectPG/Content/Effects/Textures/LensFlare/T_Lensflare_01.uasset" 574
"../../../../../../Users/skill/Documents/Unreal Projects/ProjectPG/Content/Effects/Materials/LensFlare/M_Lensflare_01.uasset" 575
"../../../../../../Users/skill/Documents/Unreal Projects/ProjectPG/Content/Effects/Materials/Ramp/M_SoftGradient_Muzzle.uasset" 576
"../../../../../../Users/skill/Documents/Unreal Projects/ProjectPG/Content/Effects/Materials/Smoke/M_SmokeBall.uasset" 577
"../../../../../../Users/skill/Documents/Unreal Projects/ProjectPG/Content/Effects/Textures/Weapon/T_muzzle_flashes.uasset" 578
"../../../../../../Users/skill/Documents/Unreal Projects/ProjectPG/Content/Effects/Materials/Weapon/M_muzzle_flash_subUV.uasset" 579
"../../../Engine/Content/Functions/Engine_MaterialFunctions01/Gradient/LinearGradient.uasset" 580
"../../../../../../Users/skill/Documents/Unreal Projects/ProjectPG/Content/Effects/Textures/Mask/T_SquareMaskTightEdge.uasset" 581
"../../../../../../Users/skill/Documents/Unreal Projects/ProjectPG/Content/Effects/Textures/Noise/T_TileNoise.uasset" 582
"../../../../../../Users/skill/Documents/Unreal Projects/ProjectPG/Content/Effects/Materials/Weapon/M_MuzzleGlow.uasset" 583
"../../../../../../Users/skill/Documents/Unreal Projects/ProjectPG/Content/Effects/Meshes/Weapon/SM_MuzzleCone.uasset" 584
"../../../../../../Users/skill/Documents/Unreal Projects/ProjectPG/Content/Effects/P_MuzzleFlash.uasset" 585
"../../../../../../Users/skill/Documents/Unreal Projects/ProjectPG/Content/MilitaryCharSilver/Materials/M_Male_Inst.uasset" 586
"../../../../../../Users/skill/Documents/Unreal Projects/ProjectPG/Content/MilitaryCharSilver/MW_Style1_Male.uasset" 587
"../../../../../../Users/skill/Documents/Unreal Projects/ProjectPG/Content/Sound/Attenuation/Weapon_Att.uasset" 588
"../../../../../../Users/skill/Documents/Unreal Projects/ProjectPG/Content/Sound/Weapons/SMG_Thompson/WPN_Thompson_Bullet_Eject_01.uasset" 589
"../../../../../../Users/skill/Documents/Unreal Projects/ProjectPG/Content/Sound/Weapons/SMG_Thompson/WPN_Thompson_Bullet_Eject_02.uasset" 590
"../../../../../../Users/skill/Documents/Unreal Projects/ProjectPG/Content/Sound/Weapons/SMG_Thompson/WPN_Thompson_Bullet_Eject_03.uasset" 591
"../../../../../../Users/skill/Documents/Unreal Projects/ProjectPG/Content/Sound/Weapons/SMG_Thompson/WPN_Thompson_Bullet_Eject_04.uasset" 592
"../../../../../../Users/skill/Documents/Unreal Projects/ProjectPG/Content/Sound/Weapons/SMG_Thompson/WPN_Thompson_Pin_01.uasset" 593
"../../../../../../Users/skill/Documents/Unreal Projects/ProjectPG/Content/Sound/Weapons/SMG_Thompson/WPN_Thompson_Pin_02.uasset" 594
"../../../../../../Users/skill/Documents/Unreal Projects/ProjectPG/Content/Sound/Weapons/SMG_Thompson/WPN_Thompson_Pin_03.uasset" 595
"../../../../../../Users/skill/Documents/Unreal Projects/ProjectPG/Content/Sound/Weapons/SMG_Thompson/WPN_Thompson_Shot_01.uasset" 596
"../../../../../../Users/skill/Documents/Unreal Projects/ProjectPG/Content/Sound/Weapons/SMG_Thompson/WPN_Thompson_Shot_02.uasset" 597
"../../../../../../Users/skill/Documents/Unreal Projects/ProjectPG/Content/Sound/Weapons/SMG_Thompson/WPN_Thompson_Shot_03.uasset" 598
"../../../../../../Users/skill/Documents/Unreal Projects/ProjectPG/Content/Sound/Weapons/SMG_Thompson/WPN_Thompson_Shot_04.uasset" 599
"../../../../../../Users/skill/Documents/Unreal Projects/ProjectPG/Content/Sound/Weapons/SMG_Thompson/WPN_Thompson_Shot_05.uasset" 600
"../../../../../../Users/skill/Documents/Unreal Projects/ProjectPG/Content/Sound/Weapons/SMG_Thompson/WPN_Thompson_Shot_06.uasset" 601
"../../../../../../Users/skill/Documents/Unreal Projects/ProjectPG/Content/Sound/Weapons/SMG_Thompson/WPN_Thompson_Thud_01.uasset" 602
"../../../../../../Users/skill/Documents/Unreal Projects/ProjectPG/Content/Sound/Weapons/SMG_Thompson/WPN_Thompson_Thud_02.uasset" 603
"../../../../../../Users/skill/Documents/Unreal Projects/ProjectPG/Content/Sound/Weapons/SMG_Thompson/WPN_Thompson_Thud_03.uasset" 604
"../../../../../../Users/skill/Documents/Unreal Projects/ProjectPG/Content/Sound/Weapons/SMG_Thompson/WPN_Thompson_Thud_04.uasset" 605
"../../../../../../Users/skill/Documents/Unreal Projects/ProjectPG/Content/Sound/Weapons/SMG_Thompson/WPN_Thompson_Thud_05.uasset" 606
"../../../../../../Users/skill/Documents/Unreal Projects/ProjectPG/Content/Sound/Weapons/SMG_Thompson/WPN_Thompson_Thud_06.uasset" 607
"../../../../../../Users/skill/Documents/Unreal Projects/ProjectPG/Content/Sound/Weapons/SMG_Thompson/WPN_Thompson_Trigger_01.uasset" 608
"../../../../../../Users/skill/Documents/Unreal Projects/ProjectPG/Content/Sound/Weapons/SMG_Thompson/WPN_Thompson_Trigger_02.uasset" 609
"../../../../../../Users/skill/Documents/Unreal Projects/ProjectPG/Content/Sound/Weapons/SMG_Thompson/WPN_Thompson_Trigger_03.uasset" 610
"../../../../../../Users/skill/Documents/Unreal Projects/ProjectPG/Content/Sound/Weapons/SMG_Thompson/WPN_Thompson_Trigger_04.uasset" 611
"../../../../../../Users/skill/Documents/Unreal Projects/ProjectPG/Content/Sound/Weapons/SMG_Thompson/Cue_Thompson_Shot.uasset" 612
"../../../../../../Users/skill/Documents/Unreal Projects/ProjectPG/Content/Blueprints/Basic/BP_Character.uasset" 613
"../../../../../../Users/skill/Documents/Unreal Projects/ProjectPG/Content/Blueprints/Basic/BP_CameraManager.uasset" 614
"../../../../../../Users/skill/Documents/Unreal Projects/ProjectPG/Content/Blueprints/Basic/BP_PlayerController.uasset" 615
"../../../../../../Users/skill/Documents/Unreal Projects/ProjectPG/Content/Blueprints/Basic/BP_GameMode.uasset" 616
"../../../../../../Users/skill/Documents/Unreal Projects/ProjectPG/Content/Levels/Battle_BuiltData.uasset" 617
"../../../Engine/Content/MapTemplates/SM_Template_Map_Floor.uasset" 618
"../../../../../../Users/skill/Documents/Unreal Projects/ProjectPG/Content/Levels/Battle.umap" 619
"../../../../../../Users/skill/Documents/Unreal Projects/ProjectPG/Content/Blueprints/BP_Character.uasset" 620
"../../../../../../Users/skill/Documents/Unreal Projects/ProjectPG/Content/Zombie/Mesh/Zombie_Skeleton.uasset" 621
"../../../../../../Users/skill/Documents/Unreal Projects/ProjectPG/Content/Zombie/Animaions/Zombie_Attack.uasset" 622
"../../../../../../Users/skill/Documents/Unreal Projects/ProjectPG/Content/Zombie/Animaions/Zombie_Attack2.uasset" 623
"../../../../../../Users/skill/Documents/Unreal Projects/ProjectPG/Content/Zombie/Animaions/Zombie_Death.uasset" 624
"../../../../../../Users/skill/Documents/Unreal Projects/ProjectPG/Content/Zombie/Animaions/Zombie_Idle.uasset" 625
"../../../../../../Users/skill/Documents/Unreal Projects/ProjectPG/Content/Zombie/Animaions/Zombie_Run.uasset" 626
"../../../../../../Users/skill/Documents/Unreal Projects/ProjectPG/Content/Zombie/Animaions/Zombie_Scream.uasset" 627
"../../../../../../Users/skill/Documents/Unreal Projects/ProjectPG/Content/Zombie/Animaions/Zombie_Walking.uasset" 628
"../../../../../../Users/skill/Documents/Unreal Projects/ProjectPG/Content/Blueprints/Zombie/AnimBP_Zombie.uasset" 629
"../../../../../../Users/skill/Documents/Unreal Projects/ProjectPG/Content/Blueprints/Zombie/AI_BB_Zombie.uasset" 630
"../../../../../../Users/skill/Documents/Unreal Projects/ProjectPG/Content/Blueprints/Zombie/BP_ZombieAIController.uasset" 631
"../../../../../../Users/skill/Documents/Unreal Projects/ProjectPG/Content/Blueprints/Zombie/BTTask_BlueprintBase_New.uasset" 632
"../../../Engine/Content/VREditor/Sounds/UI/Click_on_Button_Cue.uasset" 633
"../../../../../../Users/skill/Documents/Unreal Projects/ProjectPG/Content/Blueprints/Zombie/AI_BT_Zombie.uasset" 634
"../../../Engine/Content/EngineMaterials/Widget3DPassThrough_Masked_OneSided.uasset" 635
"../../../../../../Users/skill/Documents/Unreal Projects/ProjectPG/Content/Blueprints/Zombie/UI/Widget_ZombieHP.uasset" 636
"../../../../../../Users/skill/Documents/Unreal Projects/ProjectPG/Content/Zombie/Textures/Police_Zombie_diffuse.uasset" 637
"../../../../../../Users/skill/Documents/Unreal Projects/ProjectPG/Content/Zombie/Textures/Police_Zombie_normal.uasset" 638
"../../../../../../Users/skill/Documents/Unreal Projects/ProjectPG/Content/Zombie/Textures/Police_Zombie_specular.uasset" 639
"../../../../../../Users/skill/Documents/Unreal Projects/ProjectPG/Content/Zombie/Textures/Zombie.uasset" 640
"../../../../../../Users/skill/Documents/Unreal Projects/ProjectPG/Content/Zombie/Mesh/Zombie_PhysicsAsset.uasset" 641
"../../../../../../Users/skill/Documents/Unreal Projects/ProjectPG/Content/Zombie/Mesh/Zombie.uasset" 642
"../../../../../../Users/skill/Documents/Unreal Projects/ProjectPG/Content/Blueprints/Zombie/BP_Zombie.uasset" 643
"../../../../../../Users/skill/Documents/Unreal Projects/ProjectPG/Content/Blueprints/BP_GameMode.uasset" 644
"../../../../../../Users/skill/Documents/Unreal Projects/ProjectPG/Content/Levels/Level01_BuiltData.uasset" 645
"../../../Engine/Content/BasicShapes/BasicShapeMaterial.uasset" 646
"../../../Engine/Content/BasicShapes/Cube.uasset" 647
"../../../../../../Users/skill/Documents/Unreal Projects/ProjectPG/Content/Levels/Level01.umap" 648
"../../../../../../Users/skill/Documents/Unreal Projects/ProjectPG/Content/Blueprints/Lobby/BP_LobbyGameState.uasset" 649
"../../../../../../Users/skill/Documents/Unreal Projects/ProjectPG/Content/Blueprints/Lobby/LobbyWidget.uasset" 650
"../../../../../../Users/skill/Documents/Unreal Projects/ProjectPG/Content/Blueprints/Lobby/BP_LobbyPlayerController.uasset" 651
"../../../../../../Users/skill/Documents/Unreal Projects/ProjectPG/Content/Blueprints/Lobby/BP_LobbyPlayerState.uasset" 652
"../../../../../../Users/skill/Documents/Unreal Projects/ProjectPG/Content/Blueprints/Lobby/BP_LobbyGameMode.uasset" 653
"../../../../../../Users/skill/Documents/Unreal Projects/ProjectPG/Content/Levels/Lobby_BuiltData.uasset" 654
"../../../../../../Users/skill/Documents/Unreal Projects/ProjectPG/Content/Levels/Lobby.umap" 655
"../../../../../../Users/skill/Documents/Unreal Projects/ProjectPG/Content/Blueprints/Title/UI/M_TitleMaterial.uasset" 656
"../../../../../../Users/skill/Documents/Unreal Projects/ProjectPG/Content/Blueprints/Title/UI/TitleWidget.uasset" 657
"../../../../../../Users/skill/Documents/Unreal Projects/ProjectPG/Content/Blueprints/Title/BP_TitlePlayerController.uasset" 658
"../../../../../../Users/skill/Documents/Unreal Projects/ProjectPG/Content/Blueprints/Title/BP_TitleGameMode.uasset" 659
"../../../../../../Users/skill/Documents/Unreal Projects/ProjectPG/Content/Levels/Title_BuiltData.uasset" 660
"../../../../../../Users/skill/Documents/Unreal Projects/ProjectPG/Content/Levels/Title.umap" 661
"../../../Engine/Content/Maps/Entry_BuiltData.uasset" 662
"../../../Engine/Content/Maps/Entry.umap" 663
